#
# A fatal error has been detected by the Java Runtime Environment:
#
#  Internal Error (javaClasses.cpp:139), pid=30211, tid=140253512042240
#  fatal error: Invalid layout of preloaded class
#
# JRE version:  (7.0_65-b32) (build )
# Java VM: OpenJDK 64-Bit Server VM (24.65-b04 mixed mode linux-amd64 compressed oops)
# Failed to write core dump. Core dumps have been disabled. To enable core dumping, try "ulimit -c unlimited" before starting Java again
#
# If you would like to submit a bug report, please include
# instructions on how to reproduce the bug and visit:
#   http://icedtea.classpath.org/bugzilla
#

---------------  T H R E A D  ---------------

Current thread (0x00007f8f4800a000):  JavaThread "Unknown thread" [_thread_in_vm, id=30212, stack(0x00007f8f50b38000,0x00007f8f50c39000)]

Stack: [0x00007f8f50b38000,0x00007f8f50c39000],  sp=0x00007f8f50c37900,  free space=1022k
Native frames: (J=compiled Java code, j=interpreted, Vv=VM code, C=native code)
V  [libjvm.so+0x948745]  VMError::report_and_die()+0x175
V  [libjvm.so+0x48b874]  report_fatal(char const*, int, char const*)+0x54
V  [libjvm.so+0x5e89b0]  compute_offset(int&, klassOopDesc*, Symbol*, Symbol*, bool) [clone .constprop.121]+0xc0
V  [libjvm.so+0x5e8a86]  java_lang_String::compute_offsets()+0x36
V  [libjvm.so+0x8ce2ac]  SystemDictionary::initialize_preloaded_classes(Thread*)+0xcc
V  [libjvm.so+0x919b98]  Universe::genesis(Thread*)+0x468
V  [libjvm.so+0x91a1a4]  universe2_init()+0x24
V  [libjvm.so+0x59cf6a]  init_globals()+0x9a
V  [libjvm.so+0x8fcf7f]  Threads::create_vm(JavaVMInitArgs*, bool*)+0x35f
V  [libjvm.so+0x608284]  JNI_CreateJavaVM+0x54
C  [libjli.so+0x2b48]


---------------  P R O C E S S  ---------------

Java Threads: ( => current thread )

Other Threads:

=>0x00007f8f4800a000 (exited) JavaThread "Unknown thread" [_thread_in_vm, id=30212, stack(0x00007f8f50b38000,0x00007f8f50c39000)]

VM state:not at safepoint (not fully initialized)

VM Mutex/Monitor currently owned by a thread: None

GC Heap History (0 events):
No events

Deoptimization events (0 events):
No events

Internal exceptions (0 events):
No events

Events (10 events):
Event: 0.008 loading class 0x00007f8f4ca3a6f0 done
Event: 0.008 loading class 0x00007f8f4ca3a110 done
Event: 0.008 loading class 0x00007f8f4ca3a0f0
Event: 0.008 loading class 0x00007f8f4ca42180
Event: 0.008 loading class 0x00007f8f4ca42180 done
Event: 0.008 loading class 0x00007f8f4ca421b0
Event: 0.008 loading class 0x00007f8f4ca421b0 done
Event: 0.008 loading class 0x00007f8f4ca421e0
Event: 0.008 loading class 0x00007f8f4ca421e0 done
Event: 0.008 loading class 0x00007f8f4ca3a0f0 done


Dynamic libraries:
00400000-00401000 r-xp 00000000 08:05 658566                             /usr/lib/jvm/java-7-openjdk-amd64/jre/bin/java
00600000-00601000 r--p 00000000 08:05 658566                             /usr/lib/jvm/java-7-openjdk-amd64/jre/bin/java
00601000-00602000 rw-p 00001000 08:05 658566                             /usr/lib/jvm/java-7-openjdk-amd64/jre/bin/java
02490000-024b1000 rw-p 00000000 00:00 0                                  [heap]
99c00000-9b100000 rw-p 00000000 00:00 0 
9b100000-a4200000 rw-p 00000000 00:00 0 
a4200000-a7f00000 rw-p 00000000 00:00 0 
a7f00000-e1600000 rw-p 00000000 00:00 0 
e1600000-e3500000 rw-p 00000000 00:00 0 
e3500000-100000000 rw-p 00000000 00:00 0 
7f8f2c000000-7f8f2c021000 rw-p 00000000 00:00 0 
7f8f2c021000-7f8f30000000 ---p 00000000 00:00 0 
7f8f34000000-7f8f34021000 rw-p 00000000 00:00 0 
7f8f34021000-7f8f38000000 ---p 00000000 00:00 0 
7f8f38000000-7f8f38021000 rw-p 00000000 00:00 0 
7f8f38021000-7f8f3c000000 ---p 00000000 00:00 0 
7f8f3c000000-7f8f3c021000 rw-p 00000000 00:00 0 
7f8f3c021000-7f8f40000000 ---p 00000000 00:00 0 
7f8f41ce0000-7f8f45000000 rw-p 00000000 00:00 0 
7f8f45000000-7f8f45270000 rwxp 00000000 00:00 0 
7f8f45270000-7f8f48056000 rw-p 00000000 00:00 0 
7f8f48056000-7f8f4c000000 ---p 00000000 00:00 0 
7f8f4c68c000-7f8f4c8ed000 rw-p 00000000 00:00 0 
7f8f4c8ed000-7f8f4c9c4000 r--s 013fe000 08:05 3816008                    /home/chris/Projects/Android/adt-bundle-linux-x86_64-20140702/sdk/platforms/android-19/android.jar
7f8f4c9c4000-7f8f4ce0f000 rw-p 00000000 00:00 0 
7f8f4ce0f000-7f8f4ce10000 ---p 00000000 00:00 0 
7f8f4ce10000-7f8f4cf10000 rw-p 00000000 00:00 0                          [stack:30219]
7f8f4cf10000-7f8f4cf11000 ---p 00000000 00:00 0 
7f8f4cf11000-7f8f4d011000 rw-p 00000000 00:00 0                          [stack:30218]
7f8f4d011000-7f8f4d012000 ---p 00000000 00:00 0 
7f8f4d012000-7f8f4d112000 rw-p 00000000 00:00 0                          [stack:30217]
7f8f4d112000-7f8f4d113000 ---p 00000000 00:00 0 
7f8f4d113000-7f8f4d21e000 rw-p 00000000 00:00 0                          [stack:30215]
7f8f4d21e000-7f8f4d266000 rw-p 00000000 00:00 0 
7f8f4d266000-7f8f4d285000 rw-p 00000000 00:00 0 
7f8f4d285000-7f8f4d450000 rw-p 00000000 00:00 0 
7f8f4d450000-7f8f4d45b000 rw-p 00000000 00:00 0 
7f8f4d45b000-7f8f4d4a3000 rw-p 00000000 00:00 0 
7f8f4d4a3000-7f8f4d4c2000 rw-p 00000000 00:00 0 
7f8f4d4c2000-7f8f4d68d000 rw-p 00000000 00:00 0 
7f8f4d68d000-7f8f4d69d000 rw-p 00000000 00:00 0 
7f8f4d69d000-7f8f4d782000 rw-p 00000000 00:00 0 
7f8f4d782000-7f8f4d783000 rw-p 00000000 00:00 0 
7f8f4d783000-7f8f4d78b000 r-xp 00000000 08:05 658594                     /usr/lib/jvm/java-7-openjdk-amd64/jre/lib/amd64/libzip.so
7f8f4d78b000-7f8f4d98a000 ---p 00008000 08:05 658594                     /usr/lib/jvm/java-7-openjdk-amd64/jre/lib/amd64/libzip.so
7f8f4d98a000-7f8f4d98b000 r--p 00007000 08:05 658594                     /usr/lib/jvm/java-7-openjdk-amd64/jre/lib/amd64/libzip.so
7f8f4d98b000-7f8f4d98c000 rw-p 00008000 08:05 658594                     /usr/lib/jvm/java-7-openjdk-amd64/jre/lib/amd64/libzip.so
7f8f4d98c000-7f8f4d997000 r-xp 00000000 08:05 7996750                    /lib/x86_64-linux-gnu/libnss_files-2.19.so
7f8f4d997000-7f8f4db96000 ---p 0000b000 08:05 7996750                    /lib/x86_64-linux-gnu/libnss_files-2.19.so
7f8f4db96000-7f8f4db97000 r--p 0000a000 08:05 7996750                    /lib/x86_64-linux-gnu/libnss_files-2.19.so
7f8f4db97000-7f8f4db98000 rw-p 0000b000 08:05 7996750                    /lib/x86_64-linux-gnu/libnss_files-2.19.so
7f8f4db98000-7f8f4dba3000 r-xp 00000000 08:05 7996718                    /lib/x86_64-linux-gnu/libnss_nis-2.19.so
7f8f4dba3000-7f8f4dda2000 ---p 0000b000 08:05 7996718                    /lib/x86_64-linux-gnu/libnss_nis-2.19.so
7f8f4dda2000-7f8f4dda3000 r--p 0000a000 08:05 7996718                    /lib/x86_64-linux-gnu/libnss_nis-2.19.so
7f8f4dda3000-7f8f4dda4000 rw-p 0000b000 08:05 7996718                    /lib/x86_64-linux-gnu/libnss_nis-2.19.so
7f8f4dda4000-7f8f4ddbb000 r-xp 00000000 08:05 7996754                    /lib/x86_64-linux-gnu/libnsl-2.19.so
7f8f4ddbb000-7f8f4dfba000 ---p 00017000 08:05 7996754                    /lib/x86_64-linux-gnu/libnsl-2.19.so
7f8f4dfba000-7f8f4dfbb000 r--p 00016000 08:05 7996754                    /lib/x86_64-linux-gnu/libnsl-2.19.so
7f8f4dfbb000-7f8f4dfbc000 rw-p 00017000 08:05 7996754                    /lib/x86_64-linux-gnu/libnsl-2.19.so
7f8f4dfbc000-7f8f4dfbe000 rw-p 00000000 00:00 0 
7f8f4dfbe000-7f8f4dfc7000 r-xp 00000000 08:05 7996740                    /lib/x86_64-linux-gnu/libnss_compat-2.19.so
7f8f4dfc7000-7f8f4e1c6000 ---p 00009000 08:05 7996740                    /lib/x86_64-linux-gnu/libnss_compat-2.19.so
7f8f4e1c6000-7f8f4e1c7000 r--p 00008000 08:05 7996740                    /lib/x86_64-linux-gnu/libnss_compat-2.19.so
7f8f4e1c7000-7f8f4e1c8000 rw-p 00009000 08:05 7996740                    /lib/x86_64-linux-gnu/libnss_compat-2.19.so
7f8f4e1c8000-7f8f4e1f3000 r-xp 00000000 08:05 658629                     /usr/lib/jvm/java-7-openjdk-amd64/jre/lib/amd64/libjava.so
7f8f4e1f3000-7f8f4e3f3000 ---p 0002b000 08:05 658629                     /usr/lib/jvm/java-7-openjdk-amd64/jre/lib/amd64/libjava.so
7f8f4e3f3000-7f8f4e3f4000 r--p 0002b000 08:05 658629                     /usr/lib/jvm/java-7-openjdk-amd64/jre/lib/amd64/libjava.so
7f8f4e3f4000-7f8f4e3f6000 rw-p 0002c000 08:05 658629                     /usr/lib/jvm/java-7-openjdk-amd64/jre/lib/amd64/libjava.so
7f8f4e3f6000-7f8f4e406000 r-xp 00000000 08:05 658603                     /usr/lib/jvm/java-7-openjdk-amd64/jre/lib/amd64/libverify.so
7f8f4e406000-7f8f4e605000 ---p 00010000 08:05 658603                     /usr/lib/jvm/java-7-openjdk-amd64/jre/lib/amd64/libverify.so
7f8f4e605000-7f8f4e607000 r--p 0000f000 08:05 658603                     /usr/lib/jvm/java-7-openjdk-amd64/jre/lib/amd64/libverify.so
7f8f4e607000-7f8f4e608000 rw-p 00011000 08:05 658603                     /usr/lib/jvm/java-7-openjdk-amd64/jre/lib/amd64/libverify.so
7f8f4e608000-7f8f4e60f000 r-xp 00000000 08:05 7996746                    /lib/x86_64-linux-gnu/librt-2.19.so
7f8f4e60f000-7f8f4e80e000 ---p 00007000 08:05 7996746                    /lib/x86_64-linux-gnu/librt-2.19.so
7f8f4e80e000-7f8f4e80f000 r--p 00006000 08:05 7996746                    /lib/x86_64-linux-gnu/librt-2.19.so
7f8f4e80f000-7f8f4e810000 rw-p 00007000 08:05 7996746                    /lib/x86_64-linux-gnu/librt-2.19.so
7f8f4e810000-7f8f4e826000 r-xp 00000000 08:05 7996133                    /lib/x86_64-linux-gnu/libgcc_s.so.1
7f8f4e826000-7f8f4ea25000 ---p 00016000 08:05 7996133                    /lib/x86_64-linux-gnu/libgcc_s.so.1
7f8f4ea25000-7f8f4ea26000 rw-p 00015000 08:05 7996133                    /lib/x86_64-linux-gnu/libgcc_s.so.1
7f8f4ea26000-7f8f4eb2b000 r-xp 00000000 08:05 7996748                    /lib/x86_64-linux-gnu/libm-2.19.so
7f8f4eb2b000-7f8f4ed2a000 ---p 00105000 08:05 7996748                    /lib/x86_64-linux-gnu/libm-2.19.so
7f8f4ed2a000-7f8f4ed2b000 r--p 00104000 08:05 7996748                    /lib/x86_64-linux-gnu/libm-2.19.so
7f8f4ed2b000-7f8f4ed2c000 rw-p 00105000 08:05 7996748                    /lib/x86_64-linux-gnu/libm-2.19.so
7f8f4ed2c000-7f8f4ee12000 r-xp 00000000 08:05 11931834                   /usr/lib/x86_64-linux-gnu/libstdc++.so.6.0.19
7f8f4ee12000-7f8f4f011000 ---p 000e6000 08:05 11931834                   /usr/lib/x86_64-linux-gnu/libstdc++.so.6.0.19
7f8f4f011000-7f8f4f019000 r--p 000e5000 08:05 11931834                   /usr/lib/x86_64-linux-gnu/libstdc++.so.6.0.19
7f8f4f019000-7f8f4f01b000 rw-p 000ed000 08:05 11931834                   /usr/lib/x86_64-linux-gnu/libstdc++.so.6.0.19
7f8f4f01b000-7f8f4f030000 rw-p 00000000 00:00 0 
7f8f4f030000-7f8f4fb46000 r-xp 00000000 08:05 658596                     /usr/lib/jvm/java-7-openjdk-amd64/jre/lib/amd64/server/libjvm.so
7f8f4fb46000-7f8f4fd45000 ---p 00b16000 08:05 658596                     /usr/lib/jvm/java-7-openjdk-amd64/jre/lib/amd64/server/libjvm.so
7f8f4fd45000-7f8f4fddf000 r--p 00b15000 08:05 658596                     /usr/lib/jvm/java-7-openjdk-amd64/jre/lib/amd64/server/libjvm.so
7f8f4fddf000-7f8f4fe02000 rw-p 00baf000 08:05 658596                     /usr/lib/jvm/java-7-openjdk-amd64/jre/lib/amd64/server/libjvm.so
7f8f4fe02000-7f8f4fe30000 rw-p 00000000 00:00 0 
7f8f4fe30000-7f8f4fe48000 r-xp 00000000 08:05 7999434                    /lib/x86_64-linux-gnu/libz.so.1.2.8
7f8f4fe48000-7f8f50047000 ---p 00018000 08:05 7999434                    /lib/x86_64-linux-gnu/libz.so.1.2.8
7f8f50047000-7f8f50048000 r--p 00017000 08:05 7999434                    /lib/x86_64-linux-gnu/libz.so.1.2.8
7f8f50048000-7f8f50049000 rw-p 00018000 08:05 7999434                    /lib/x86_64-linux-gnu/libz.so.1.2.8
7f8f50049000-7f8f50062000 r-xp 00000000 08:05 7996758                    /lib/x86_64-linux-gnu/libpthread-2.19.so
7f8f50062000-7f8f50261000 ---p 00019000 08:05 7996758                    /lib/x86_64-linux-gnu/libpthread-2.19.so
7f8f50261000-7f8f50262000 r--p 00018000 08:05 7996758                    /lib/x86_64-linux-gnu/libpthread-2.19.so
7f8f50262000-7f8f50263000 rw-p 00019000 08:05 7996758                    /lib/x86_64-linux-gnu/libpthread-2.19.so
7f8f50263000-7f8f50267000 rw-p 00000000 00:00 0 
7f8f50267000-7f8f5026a000 r-xp 00000000 08:05 7996734                    /lib/x86_64-linux-gnu/libdl-2.19.so
7f8f5026a000-7f8f50469000 ---p 00003000 08:05 7996734                    /lib/x86_64-linux-gnu/libdl-2.19.so
7f8f50469000-7f8f5046a000 r--p 00002000 08:05 7996734                    /lib/x86_64-linux-gnu/libdl-2.19.so
7f8f5046a000-7f8f5046b000 rw-p 00003000 08:05 7996734                    /lib/x86_64-linux-gnu/libdl-2.19.so
7f8f5046b000-7f8f50627000 r-xp 00000000 08:05 7996756                    /lib/x86_64-linux-gnu/libc-2.19.so
7f8f50627000-7f8f50826000 ---p 001bc000 08:05 7996756                    /lib/x86_64-linux-gnu/libc-2.19.so
7f8f50826000-7f8f5082a000 r--p 001bb000 08:05 7996756                    /lib/x86_64-linux-gnu/libc-2.19.so
7f8f5082a000-7f8f5082c000 rw-p 001bf000 08:05 7996756                    /lib/x86_64-linux-gnu/libc-2.19.so
7f8f5082c000-7f8f50831000 rw-p 00000000 00:00 0 
7f8f50831000-7f8f5083e000 r-xp 00000000 08:05 658611                     /usr/lib/jvm/java-7-openjdk-amd64/jre/lib/amd64/jli/libjli.so
7f8f5083e000-7f8f50a3d000 ---p 0000d000 08:05 658611                     /usr/lib/jvm/java-7-openjdk-amd64/jre/lib/amd64/jli/libjli.so
7f8f50a3d000-7f8f50a3e000 r--p 0000c000 08:05 658611                     /usr/lib/jvm/java-7-openjdk-amd64/jre/lib/amd64/jli/libjli.so
7f8f50a3e000-7f8f50a3f000 rw-p 0000d000 08:05 658611                     /usr/lib/jvm/java-7-openjdk-amd64/jre/lib/amd64/jli/libjli.so
7f8f50a3f000-7f8f50a62000 r-xp 00000000 08:05 7996732                    /lib/x86_64-linux-gnu/ld-2.19.so
7f8f50a78000-7f8f50a82000 rw-p 00000000 00:00 0 
7f8f50a82000-7f8f50b38000 rw-p 00000000 00:00 0 
7f8f50b38000-7f8f50b3b000 ---p 00000000 00:00 0 
7f8f50b3b000-7f8f50c3e000 rw-p 00000000 00:00 0                          [stack:30212]
7f8f50c53000-7f8f50c55000 rw-p 00000000 00:00 0 
7f8f50c55000-7f8f50c5d000 rw-s 00000000 08:05 6294309                    /tmp/hsperfdata_chris/30211
7f8f50c5d000-7f8f50c5e000 rw-p 00000000 00:00 0 
7f8f50c5e000-7f8f50c5f000 r--p 00000000 00:00 0 
7f8f50c5f000-7f8f50c61000 rw-p 00000000 00:00 0 
7f8f50c61000-7f8f50c62000 r--p 00022000 08:05 7996732                    /lib/x86_64-linux-gnu/ld-2.19.so
7f8f50c62000-7f8f50c63000 rw-p 00023000 08:05 7996732                    /lib/x86_64-linux-gnu/ld-2.19.so
7f8f50c63000-7f8f50c64000 rw-p 00000000 00:00 0 
7fff4331e000-7fff4333f000 rw-p 00000000 00:00 0                          [stack]
7fff433fe000-7fff43400000 r-xp 00000000 00:00 0                          [vdso]
ffffffffff600000-ffffffffff601000 r-xp 00000000 00:00 0                  [vsyscall]

VM Arguments:
jvm_args: -Dfile.encoding=UTF-8 -Xbootclasspath:/home/chris/Projects/Android/adt-bundle-linux-x86_64-20140702/sdk/platforms/android-19/android.jar 
java_command: hay.chris.smartunlock.ConditionObject
Launcher Type: SUN_STANDARD

Environment Variables:
PATH=/usr/local/sbin:/usr/local/bin:/usr/sbin:/usr/bin:/sbin:/bin:/usr/games:/usr/local/games
SHELL=/bin/bash
DISPLAY=:0.0

Signal Handlers:
SIGSEGV: [libjvm.so+0x949220], sa_mask[0]=0x7ffbfeff, sa_flags=0x10000004
SIGBUS: [libjvm.so+0x949220], sa_mask[0]=0x7ffbfeff, sa_flags=0x10000004
SIGFPE: [libjvm.so+0x7c2e80], sa_mask[0]=0x7ffbfeff, sa_flags=0x10000004
SIGPIPE: [libjvm.so+0x7c2e80], sa_mask[0]=0x7ffbfeff, sa_flags=0x10000004
SIGXFSZ: [libjvm.so+0x7c2e80], sa_mask[0]=0x7ffbfeff, sa_flags=0x10000004
SIGILL: [libjvm.so+0x7c2e80], sa_mask[0]=0x7ffbfeff, sa_flags=0x10000004
SIGUSR1: SIG_DFL, sa_mask[0]=0x00000000, sa_flags=0x00000000
SIGUSR2: [libjvm.so+0x7c2d20], sa_mask[0]=0x00000004, sa_flags=0x10000004
SIGHUP: SIG_DFL, sa_mask[0]=0x00000000, sa_flags=0x00000000
SIGINT: SIG_DFL, sa_mask[0]=0x00000000, sa_flags=0x00000000
SIGTERM: SIG_DFL, sa_mask[0]=0x00000000, sa_flags=0x00000000
SIGQUIT: SIG_DFL, sa_mask[0]=0x00000000, sa_flags=0x00000000
SIGTRAP: SIG_DFL, sa_mask[0]=0x00000000, sa_flags=0x00000000


---------------  S Y S T E M  ---------------

OS:Ubuntu 14.04 (trusty)
uname:Linux 3.13.0-34-generic #60-Ubuntu SMP Wed Aug 13 15:45:27 UTC 2014 x86_64
libc:glibc 2.19 NPTL 2.19 
rlimit: STACK 8192k, CORE 0k, NPROC 46841, NOFILE 4096, AS infinity
load average:1.89 0.93 0.84

/proc/meminfo:
MemTotal:        6017264 kB
MemFree:         1010128 kB
Buffers:           53356 kB
Cached:           947656 kB
SwapCached:       130336 kB
Active:          3409956 kB
Inactive:        1151500 kB
Active(anon):    3069460 kB
Inactive(anon):   873812 kB
Active(file):     340496 kB
Inactive(file):   277688 kB
Unevictable:         208 kB
Mlocked:             208 kB
SwapTotal:       6195196 kB
SwapFree:        5597096 kB
Dirty:               796 kB
Writeback:             0 kB
AnonPages:       3469804 kB
Mapped:           281884 kB
Shmem:            382828 kB
Slab:             260684 kB
SReclaimable:     211884 kB
SUnreclaim:        48800 kB
KernelStack:        6376 kB
PageTables:        80548 kB
NFS_Unstable:          0 kB
Bounce:                0 kB
WritebackTmp:          0 kB
CommitLimit:     9203828 kB
Committed_AS:   11639964 kB
VmallocTotal:   34359738367 kB
VmallocUsed:      356720 kB
VmallocChunk:   34359369852 kB
HardwareCorrupted:     0 kB
AnonHugePages:    774144 kB
HugePages_Total:       0
HugePages_Free:        0
HugePages_Rsvd:        0
HugePages_Surp:        0
Hugepagesize:       2048 kB
DirectMap4k:       97860 kB
DirectMap2M:     6098944 kB


CPU:total 4 (2 cores per cpu, 2 threads per core) family 6 model 42 stepping 7, cmov, cx8, fxsr, mmx, sse, sse2, sse3, ssse3, sse4.1, sse4.2, popcnt, avx, ht, tsc, tscinvbit

/proc/cpuinfo:
processor	: 0
vendor_id	: GenuineIntel
cpu family	: 6
model		: 42
model name	: Intel(R) Core(TM) i5-2410M CPU @ 2.30GHz
stepping	: 7
microcode	: 0x14
cpu MHz		: 2301.000
cache size	: 3072 KB
physical id	: 0
siblings	: 4
core id		: 0
cpu cores	: 2
apicid		: 0
initial apicid	: 0
fpu		: yes
fpu_exception	: yes
cpuid level	: 13
wp		: yes
flags		: fpu vme de pse tsc msr pae mce cx8 apic sep mtrr pge mca cmov pat pse36 clflush dts acpi mmx fxsr sse sse2 ss ht tm pbe syscall nx rdtscp lm constant_tsc arch_perfmon pebs bts rep_good nopl xtopology nonstop_tsc aperfmperf eagerfpu pni pclmulqdq dtes64 monitor ds_cpl vmx est tm2 ssse3 cx16 xtpr pdcm pcid sse4_1 sse4_2 x2apic popcnt tsc_deadline_timer xsave avx lahf_lm ida arat epb xsaveopt pln pts dtherm tpr_shadow vnmi flexpriority ept vpid
bogomips	: 4589.57
clflush size	: 64
cache_alignment	: 64
address sizes	: 36 bits physical, 48 bits virtual
power management:

processor	: 1
vendor_id	: GenuineIntel
cpu family	: 6
model		: 42
model name	: Intel(R) Core(TM) i5-2410M CPU @ 2.30GHz
stepping	: 7
microcode	: 0x14
cpu MHz		: 1600.000
cache size	: 3072 KB
physical id	: 0
siblings	: 4
core id		: 1
cpu cores	: 2
apicid		: 2
initial apicid	: 2
fpu		: yes
fpu_exception	: yes
cpuid level	: 13
wp		: yes
flags		: fpu vme de pse tsc msr pae mce cx8 apic sep mtrr pge mca cmov pat pse36 clflush dts acpi mmx fxsr sse sse2 ss ht tm pbe syscall nx rdtscp lm constant_tsc arch_perfmon pebs bts rep_good nopl xtopology nonstop_tsc aperfmperf eagerfpu pni pclmulqdq dtes64 monitor ds_cpl vmx est tm2 ssse3 cx16 xtpr pdcm pcid sse4_1 sse4_2 x2apic popcnt tsc_deadline_timer xsave avx lahf_lm ida arat epb xsaveopt pln pts dtherm tpr_shadow vnmi flexpriority ept vpid
bogomips	: 4589.57
clflush size	: 64
cache_alignment	: 64
address sizes	: 36 bits physical, 48 bits virtual
power management:

processor	: 2
vendor_id	: GenuineIntel
cpu family	: 6
model		: 42
model name	: Intel(R) Core(TM) i5-2410M CPU @ 2.30GHz
stepping	: 7
microcode	: 0x14
cpu MHz		: 2301.000
cache size	: 3072 KB
physical id	: 0
siblings	: 4
core id		: 0
cpu cores	: 2
apicid		: 1
initial apicid	: 1
fpu		: yes
fpu_exception	: yes
cpuid level	: 13
wp		: yes
flags		: fpu vme de pse tsc msr pae mce cx8 apic sep mtrr pge mca cmov pat pse36 clflush dts acpi mmx fxsr sse sse2 ss ht tm pbe syscall nx rdtscp lm constant_tsc arch_perfmon pebs bts rep_good nopl xtopology nonstop_tsc aperfmperf eagerfpu pni pclmulqdq dtes64 monitor ds_cpl vmx est tm2 ssse3 cx16 xtpr pdcm pcid sse4_1 sse4_2 x2apic popcnt tsc_deadline_timer xsave avx lahf_lm ida arat epb xsaveopt pln pts dtherm tpr_shadow vnmi flexpriority ept vpid
bogomips	: 4589.57
clflush size	: 64
cache_alignment	: 64
address sizes	: 36 bits physical, 48 bits virtual
power management:

processor	: 3
vendor_id	: GenuineIntel
cpu family	: 6
model		: 42
model name	: Intel(R) Core(TM) i5-2410M CPU @ 2.30GHz
stepping	: 7
microcode	: 0x14
cpu MHz		: 2301.000
cache size	: 3072 KB
physical id	: 0
siblings	: 4
core id		: 1
cpu cores	: 2
apicid		: 3
initial apicid	: 3
fpu		: yes
fpu_exception	: yes
cpuid level	: 13
wp		: yes
flags		: fpu vme de pse tsc msr pae mce cx8 apic sep mtrr pge mca cmov pat pse36 clflush dts acpi mmx fxsr sse sse2 ss ht tm pbe syscall nx rdtscp lm constant_tsc arch_perfmon pebs bts rep_good nopl xtopology nonstop_tsc aperfmperf eagerfpu pni pclmulqdq dtes64 monitor ds_cpl vmx est tm2 ssse3 cx16 xtpr pdcm pcid sse4_1 sse4_2 x2apic popcnt tsc_deadline_timer xsave avx lahf_lm ida arat epb xsaveopt pln pts dtherm tpr_shadow vnmi flexpriority ept vpid
bogomips	: 4589.57
clflush size	: 64
cache_alignment	: 64
address sizes	: 36 bits physical, 48 bits virtual
power management:



Memory: 4k page, physical 6017264k(1010128k free), swap 6195196k(5597096k free)

vm_info: OpenJDK 64-Bit Server VM (24.65-b04) for linux-amd64 JRE (1.7.0_65-b32), built on Aug  1 2014 21:58:28 by "buildd" with gcc 4.8.2

time: Wed Aug 27 19:35:47 2014
elapsed time: 0 seconds

