#
# A fatal error has been detected by the Java Runtime Environment:
#
#  Internal Error (javaClasses.cpp:139), pid=30402, tid=140217371289344
#  fatal error: Invalid layout of preloaded class
#
# JRE version:  (7.0_65-b32) (build )
# Java VM: OpenJDK 64-Bit Server VM (24.65-b04 mixed mode linux-amd64 compressed oops)
# Failed to write core dump. Core dumps have been disabled. To enable core dumping, try "ulimit -c unlimited" before starting Java again
#
# If you would like to submit a bug report, please include
# instructions on how to reproduce the bug and visit:
#   http://icedtea.classpath.org/bugzilla
#

---------------  T H R E A D  ---------------

Current thread (0x00007f86e000a000):  JavaThread "Unknown thread" [_thread_in_vm, id=30407, stack(0x00007f86e68b6000,0x00007f86e69b7000)]

Stack: [0x00007f86e68b6000,0x00007f86e69b7000],  sp=0x00007f86e69b5900,  free space=1022k
Native frames: (J=compiled Java code, j=interpreted, Vv=VM code, C=native code)
V  [libjvm.so+0x948745]  VMError::report_and_die()+0x175
V  [libjvm.so+0x48b874]  report_fatal(char const*, int, char const*)+0x54
V  [libjvm.so+0x5e89b0]  compute_offset(int&, klassOopDesc*, Symbol*, Symbol*, bool) [clone .constprop.121]+0xc0
V  [libjvm.so+0x5e8a86]  java_lang_String::compute_offsets()+0x36
V  [libjvm.so+0x8ce2ac]  SystemDictionary::initialize_preloaded_classes(Thread*)+0xcc
V  [libjvm.so+0x919b98]  Universe::genesis(Thread*)+0x468
V  [libjvm.so+0x91a1a4]  universe2_init()+0x24
V  [libjvm.so+0x59cf6a]  init_globals()+0x9a
V  [libjvm.so+0x8fcf7f]  Threads::create_vm(JavaVMInitArgs*, bool*)+0x35f
V  [libjvm.so+0x608284]  JNI_CreateJavaVM+0x54
C  [libjli.so+0x2b48]


---------------  P R O C E S S  ---------------

Java Threads: ( => current thread )

Other Threads:

=>0x00007f86e000a000 (exited) JavaThread "Unknown thread" [_thread_in_vm, id=30407, stack(0x00007f86e68b6000,0x00007f86e69b7000)]

VM state:not at safepoint (not fully initialized)

VM Mutex/Monitor currently owned by a thread: None

GC Heap History (0 events):
No events

Deoptimization events (0 events):
No events

Internal exceptions (0 events):
No events

Events (10 events):
Event: 0.009 loading class 0x00007f86d84986f0 done
Event: 0.009 loading class 0x00007f86d8498110 done
Event: 0.009 loading class 0x00007f86d84980f0
Event: 0.009 loading class 0x00007f86d84a0180
Event: 0.009 loading class 0x00007f86d84a0180 done
Event: 0.009 loading class 0x00007f86d84a01b0
Event: 0.009 loading class 0x00007f86d84a01b0 done
Event: 0.009 loading class 0x00007f86d84a01e0
Event: 0.009 loading class 0x00007f86d84a01e0 done
Event: 0.010 loading class 0x00007f86d84980f0 done


Dynamic libraries:
00400000-00401000 r-xp 00000000 08:05 658566                             /usr/lib/jvm/java-7-openjdk-amd64/jre/bin/java
00600000-00601000 r--p 00000000 08:05 658566                             /usr/lib/jvm/java-7-openjdk-amd64/jre/bin/java
00601000-00602000 rw-p 00001000 08:05 658566                             /usr/lib/jvm/java-7-openjdk-amd64/jre/bin/java
01fe1000-02002000 rw-p 00000000 00:00 0                                  [heap]
99c00000-9b100000 rw-p 00000000 00:00 0 
9b100000-a4200000 rw-p 00000000 00:00 0 
a4200000-a7f00000 rw-p 00000000 00:00 0 
a7f00000-e1600000 rw-p 00000000 00:00 0 
e1600000-e3500000 rw-p 00000000 00:00 0 
e3500000-100000000 rw-p 00000000 00:00 0 
7f86c4000000-7f86c4021000 rw-p 00000000 00:00 0 
7f86c4021000-7f86c8000000 ---p 00000000 00:00 0 
7f86cc000000-7f86cc021000 rw-p 00000000 00:00 0 
7f86cc021000-7f86d0000000 ---p 00000000 00:00 0 
7f86d0000000-7f86d0021000 rw-p 00000000 00:00 0 
7f86d0021000-7f86d4000000 ---p 00000000 00:00 0 
7f86d4000000-7f86d4021000 rw-p 00000000 00:00 0 
7f86d4021000-7f86d8000000 ---p 00000000 00:00 0 
7f86d80ea000-7f86d834b000 rw-p 00000000 00:00 0 
7f86d834b000-7f86d8422000 r--s 013fe000 08:05 3816008                    /home/chris/Projects/Android/adt-bundle-linux-x86_64-20140702/sdk/platforms/android-19/android.jar
7f86d8422000-7f86dbb6d000 rw-p 00000000 00:00 0 
7f86dbb6d000-7f86dbb6e000 ---p 00000000 00:00 0 
7f86dbb6e000-7f86dbc6e000 rw-p 00000000 00:00 0                          [stack:30411]
7f86dbc6e000-7f86dbc6f000 ---p 00000000 00:00 0 
7f86dbc6f000-7f86dbd6f000 rw-p 00000000 00:00 0                          [stack:30410]
7f86dbd6f000-7f86dbd70000 ---p 00000000 00:00 0 
7f86dbd70000-7f86dbe8f000 rw-p 00000000 00:00 0                          [stack:30409]
7f86dbe8f000-7f86dc05a000 rw-p 00000000 00:00 0 
7f86dc05a000-7f86dc065000 rw-p 00000000 00:00 0 
7f86dc065000-7f86dc0ad000 rw-p 00000000 00:00 0 
7f86dc0ad000-7f86dc0cc000 rw-p 00000000 00:00 0 
7f86dc0cc000-7f86dc297000 rw-p 00000000 00:00 0 
7f86dc297000-7f86dc2a7000 rw-p 00000000 00:00 0 
7f86dc2a7000-7f86dc38c000 rw-p 00000000 00:00 0 
7f86dc38c000-7f86dc38d000 rw-p 00000000 00:00 0 
7f86dc38d000-7f86dc5fd000 rwxp 00000000 00:00 0 
7f86dc5fd000-7f86df38d000 rw-p 00000000 00:00 0 
7f86df38d000-7f86df395000 r-xp 00000000 08:05 658594                     /usr/lib/jvm/java-7-openjdk-amd64/jre/lib/amd64/libzip.so
7f86df395000-7f86df594000 ---p 00008000 08:05 658594                     /usr/lib/jvm/java-7-openjdk-amd64/jre/lib/amd64/libzip.so
7f86df594000-7f86df595000 r--p 00007000 08:05 658594                     /usr/lib/jvm/java-7-openjdk-amd64/jre/lib/amd64/libzip.so
7f86df595000-7f86df596000 rw-p 00008000 08:05 658594                     /usr/lib/jvm/java-7-openjdk-amd64/jre/lib/amd64/libzip.so
7f86df596000-7f86df5a1000 r-xp 00000000 08:05 7996750                    /lib/x86_64-linux-gnu/libnss_files-2.19.so
7f86df5a1000-7f86df7a0000 ---p 0000b000 08:05 7996750                    /lib/x86_64-linux-gnu/libnss_files-2.19.so
7f86df7a0000-7f86df7a1000 r--p 0000a000 08:05 7996750                    /lib/x86_64-linux-gnu/libnss_files-2.19.so
7f86df7a1000-7f86df7a2000 rw-p 0000b000 08:05 7996750                    /lib/x86_64-linux-gnu/libnss_files-2.19.so
7f86df7a2000-7f86df7ad000 r-xp 00000000 08:05 7996718                    /lib/x86_64-linux-gnu/libnss_nis-2.19.so
7f86df7ad000-7f86df9ac000 ---p 0000b000 08:05 7996718                    /lib/x86_64-linux-gnu/libnss_nis-2.19.so
7f86df9ac000-7f86df9ad000 r--p 0000a000 08:05 7996718                    /lib/x86_64-linux-gnu/libnss_nis-2.19.so
7f86df9ad000-7f86df9ae000 rw-p 0000b000 08:05 7996718                    /lib/x86_64-linux-gnu/libnss_nis-2.19.so
7f86df9ae000-7f86df9c5000 r-xp 00000000 08:05 7996754                    /lib/x86_64-linux-gnu/libnsl-2.19.so
7f86df9c5000-7f86dfbc4000 ---p 00017000 08:05 7996754                    /lib/x86_64-linux-gnu/libnsl-2.19.so
7f86dfbc4000-7f86dfbc5000 r--p 00016000 08:05 7996754                    /lib/x86_64-linux-gnu/libnsl-2.19.so
7f86dfbc5000-7f86dfbc6000 rw-p 00017000 08:05 7996754                    /lib/x86_64-linux-gnu/libnsl-2.19.so
7f86dfbc6000-7f86dfbc8000 rw-p 00000000 00:00 0 
7f86dfbc8000-7f86dfbd1000 r-xp 00000000 08:05 7996740                    /lib/x86_64-linux-gnu/libnss_compat-2.19.so
7f86dfbd1000-7f86dfdd0000 ---p 00009000 08:05 7996740                    /lib/x86_64-linux-gnu/libnss_compat-2.19.so
7f86dfdd0000-7f86dfdd1000 r--p 00008000 08:05 7996740                    /lib/x86_64-linux-gnu/libnss_compat-2.19.so
7f86dfdd1000-7f86dfdd2000 rw-p 00009000 08:05 7996740                    /lib/x86_64-linux-gnu/libnss_compat-2.19.so
7f86dfdd2000-7f86dfdfd000 r-xp 00000000 08:05 658629                     /usr/lib/jvm/java-7-openjdk-amd64/jre/lib/amd64/libjava.so
7f86dfdfd000-7f86dfffd000 ---p 0002b000 08:05 658629                     /usr/lib/jvm/java-7-openjdk-amd64/jre/lib/amd64/libjava.so
7f86dfffd000-7f86dfffe000 r--p 0002b000 08:05 658629                     /usr/lib/jvm/java-7-openjdk-amd64/jre/lib/amd64/libjava.so
7f86dfffe000-7f86e0000000 rw-p 0002c000 08:05 658629                     /usr/lib/jvm/java-7-openjdk-amd64/jre/lib/amd64/libjava.so
7f86e0000000-7f86e0056000 rw-p 00000000 00:00 0 
7f86e0056000-7f86e4000000 ---p 00000000 00:00 0 
7f86e4000000-7f86e4020000 rw-p 00000000 00:00 0 
7f86e4020000-7f86e4021000 ---p 00000000 00:00 0 
7f86e4021000-7f86e412c000 rw-p 00000000 00:00 0                          [stack:30408]
7f86e412c000-7f86e4174000 rw-p 00000000 00:00 0 
7f86e4174000-7f86e4184000 r-xp 00000000 08:05 658603                     /usr/lib/jvm/java-7-openjdk-amd64/jre/lib/amd64/libverify.so
7f86e4184000-7f86e4383000 ---p 00010000 08:05 658603                     /usr/lib/jvm/java-7-openjdk-amd64/jre/lib/amd64/libverify.so
7f86e4383000-7f86e4385000 r--p 0000f000 08:05 658603                     /usr/lib/jvm/java-7-openjdk-amd64/jre/lib/amd64/libverify.so
7f86e4385000-7f86e4386000 rw-p 00011000 08:05 658603                     /usr/lib/jvm/java-7-openjdk-amd64/jre/lib/amd64/libverify.so
7f86e4386000-7f86e438d000 r-xp 00000000 08:05 7996746                    /lib/x86_64-linux-gnu/librt-2.19.so
7f86e438d000-7f86e458c000 ---p 00007000 08:05 7996746                    /lib/x86_64-linux-gnu/librt-2.19.so
7f86e458c000-7f86e458d000 r--p 00006000 08:05 7996746                    /lib/x86_64-linux-gnu/librt-2.19.so
7f86e458d000-7f86e458e000 rw-p 00007000 08:05 7996746                    /lib/x86_64-linux-gnu/librt-2.19.so
7f86e458e000-7f86e45a4000 r-xp 00000000 08:05 7996133                    /lib/x86_64-linux-gnu/libgcc_s.so.1
7f86e45a4000-7f86e47a3000 ---p 00016000 08:05 7996133                    /lib/x86_64-linux-gnu/libgcc_s.so.1
7f86e47a3000-7f86e47a4000 rw-p 00015000 08:05 7996133                    /lib/x86_64-linux-gnu/libgcc_s.so.1
7f86e47a4000-7f86e48a9000 r-xp 00000000 08:05 7996748                    /lib/x86_64-linux-gnu/libm-2.19.so
7f86e48a9000-7f86e4aa8000 ---p 00105000 08:05 7996748                    /lib/x86_64-linux-gnu/libm-2.19.so
7f86e4aa8000-7f86e4aa9000 r--p 00104000 08:05 7996748                    /lib/x86_64-linux-gnu/libm-2.19.so
7f86e4aa9000-7f86e4aaa000 rw-p 00105000 08:05 7996748                    /lib/x86_64-linux-gnu/libm-2.19.so
7f86e4aaa000-7f86e4b90000 r-xp 00000000 08:05 11931834                   /usr/lib/x86_64-linux-gnu/libstdc++.so.6.0.19
7f86e4b90000-7f86e4d8f000 ---p 000e6000 08:05 11931834                   /usr/lib/x86_64-linux-gnu/libstdc++.so.6.0.19
7f86e4d8f000-7f86e4d97000 r--p 000e5000 08:05 11931834                   /usr/lib/x86_64-linux-gnu/libstdc++.so.6.0.19
7f86e4d97000-7f86e4d99000 rw-p 000ed000 08:05 11931834                   /usr/lib/x86_64-linux-gnu/libstdc++.so.6.0.19
7f86e4d99000-7f86e4dae000 rw-p 00000000 00:00 0 
7f86e4dae000-7f86e58c4000 r-xp 00000000 08:05 658596                     /usr/lib/jvm/java-7-openjdk-amd64/jre/lib/amd64/server/libjvm.so
7f86e58c4000-7f86e5ac3000 ---p 00b16000 08:05 658596                     /usr/lib/jvm/java-7-openjdk-amd64/jre/lib/amd64/server/libjvm.so
7f86e5ac3000-7f86e5b5d000 r--p 00b15000 08:05 658596                     /usr/lib/jvm/java-7-openjdk-amd64/jre/lib/amd64/server/libjvm.so
7f86e5b5d000-7f86e5b80000 rw-p 00baf000 08:05 658596                     /usr/lib/jvm/java-7-openjdk-amd64/jre/lib/amd64/server/libjvm.so
7f86e5b80000-7f86e5bae000 rw-p 00000000 00:00 0 
7f86e5bae000-7f86e5bc6000 r-xp 00000000 08:05 7999434                    /lib/x86_64-linux-gnu/libz.so.1.2.8
7f86e5bc6000-7f86e5dc5000 ---p 00018000 08:05 7999434                    /lib/x86_64-linux-gnu/libz.so.1.2.8
7f86e5dc5000-7f86e5dc6000 r--p 00017000 08:05 7999434                    /lib/x86_64-linux-gnu/libz.so.1.2.8
7f86e5dc6000-7f86e5dc7000 rw-p 00018000 08:05 7999434                    /lib/x86_64-linux-gnu/libz.so.1.2.8
7f86e5dc7000-7f86e5de0000 r-xp 00000000 08:05 7996758                    /lib/x86_64-linux-gnu/libpthread-2.19.so
7f86e5de0000-7f86e5fdf000 ---p 00019000 08:05 7996758                    /lib/x86_64-linux-gnu/libpthread-2.19.so
7f86e5fdf000-7f86e5fe0000 r--p 00018000 08:05 7996758                    /lib/x86_64-linux-gnu/libpthread-2.19.so
7f86e5fe0000-7f86e5fe1000 rw-p 00019000 08:05 7996758                    /lib/x86_64-linux-gnu/libpthread-2.19.so
7f86e5fe1000-7f86e5fe5000 rw-p 00000000 00:00 0 
7f86e5fe5000-7f86e5fe8000 r-xp 00000000 08:05 7996734                    /lib/x86_64-linux-gnu/libdl-2.19.so
7f86e5fe8000-7f86e61e7000 ---p 00003000 08:05 7996734                    /lib/x86_64-linux-gnu/libdl-2.19.so
7f86e61e7000-7f86e61e8000 r--p 00002000 08:05 7996734                    /lib/x86_64-linux-gnu/libdl-2.19.so
7f86e61e8000-7f86e61e9000 rw-p 00003000 08:05 7996734                    /lib/x86_64-linux-gnu/libdl-2.19.so
7f86e61e9000-7f86e63a5000 r-xp 00000000 08:05 7996756                    /lib/x86_64-linux-gnu/libc-2.19.so
7f86e63a5000-7f86e65a4000 ---p 001bc000 08:05 7996756                    /lib/x86_64-linux-gnu/libc-2.19.so
7f86e65a4000-7f86e65a8000 r--p 001bb000 08:05 7996756                    /lib/x86_64-linux-gnu/libc-2.19.so
7f86e65a8000-7f86e65aa000 rw-p 001bf000 08:05 7996756                    /lib/x86_64-linux-gnu/libc-2.19.so
7f86e65aa000-7f86e65af000 rw-p 00000000 00:00 0 
7f86e65af000-7f86e65bc000 r-xp 00000000 08:05 658611                     /usr/lib/jvm/java-7-openjdk-amd64/jre/lib/amd64/jli/libjli.so
7f86e65bc000-7f86e67bb000 ---p 0000d000 08:05 658611                     /usr/lib/jvm/java-7-openjdk-amd64/jre/lib/amd64/jli/libjli.so
7f86e67bb000-7f86e67bc000 r--p 0000c000 08:05 658611                     /usr/lib/jvm/java-7-openjdk-amd64/jre/lib/amd64/jli/libjli.so
7f86e67bc000-7f86e67bd000 rw-p 0000d000 08:05 658611                     /usr/lib/jvm/java-7-openjdk-amd64/jre/lib/amd64/jli/libjli.so
7f86e67bd000-7f86e67e0000 r-xp 00000000 08:05 7996732                    /lib/x86_64-linux-gnu/ld-2.19.so
7f86e67f6000-7f86e6800000 rw-p 00000000 00:00 0 
7f86e6800000-7f86e68b6000 rw-p 00000000 00:00 0 
7f86e68b6000-7f86e68b9000 ---p 00000000 00:00 0 
7f86e68b9000-7f86e69bc000 rw-p 00000000 00:00 0                          [stack:30407]
7f86e69d1000-7f86e69d3000 rw-p 00000000 00:00 0 
7f86e69d3000-7f86e69db000 rw-s 00000000 08:05 6294309                    /tmp/hsperfdata_chris/30402
7f86e69db000-7f86e69dc000 rw-p 00000000 00:00 0 
7f86e69dc000-7f86e69dd000 r--p 00000000 00:00 0 
7f86e69dd000-7f86e69df000 rw-p 00000000 00:00 0 
7f86e69df000-7f86e69e0000 r--p 00022000 08:05 7996732                    /lib/x86_64-linux-gnu/ld-2.19.so
7f86e69e0000-7f86e69e1000 rw-p 00023000 08:05 7996732                    /lib/x86_64-linux-gnu/ld-2.19.so
7f86e69e1000-7f86e69e2000 rw-p 00000000 00:00 0 
7fff1695f000-7fff16980000 rw-p 00000000 00:00 0                          [stack]
7fff169fe000-7fff16a00000 r-xp 00000000 00:00 0                          [vdso]
ffffffffff600000-ffffffffff601000 r-xp 00000000 00:00 0                  [vsyscall]

VM Arguments:
jvm_args: -Dfile.encoding=UTF-8 -Xbootclasspath:/home/chris/Projects/Android/adt-bundle-linux-x86_64-20140702/sdk/platforms/android-19/android.jar 
java_command: hay.chris.smartunlock.ConditionObject
Launcher Type: SUN_STANDARD

Environment Variables:
PATH=/usr/local/sbin:/usr/local/bin:/usr/sbin:/usr/bin:/sbin:/bin:/usr/games:/usr/local/games
SHELL=/bin/bash
DISPLAY=:0.0

Signal Handlers:
SIGSEGV: [libjvm.so+0x949220], sa_mask[0]=0x7ffbfeff, sa_flags=0x10000004
SIGBUS: [libjvm.so+0x949220], sa_mask[0]=0x7ffbfeff, sa_flags=0x10000004
SIGFPE: [libjvm.so+0x7c2e80], sa_mask[0]=0x7ffbfeff, sa_flags=0x10000004
SIGPIPE: [libjvm.so+0x7c2e80], sa_mask[0]=0x7ffbfeff, sa_flags=0x10000004
SIGXFSZ: [libjvm.so+0x7c2e80], sa_mask[0]=0x7ffbfeff, sa_flags=0x10000004
SIGILL: [libjvm.so+0x7c2e80], sa_mask[0]=0x7ffbfeff, sa_flags=0x10000004
SIGUSR1: SIG_DFL, sa_mask[0]=0x00000000, sa_flags=0x00000000
SIGUSR2: [libjvm.so+0x7c2d20], sa_mask[0]=0x00000004, sa_flags=0x10000004
SIGHUP: SIG_DFL, sa_mask[0]=0x00000000, sa_flags=0x00000000
SIGINT: SIG_DFL, sa_mask[0]=0x00000000, sa_flags=0x00000000
SIGTERM: SIG_DFL, sa_mask[0]=0x00000000, sa_flags=0x00000000
SIGQUIT: SIG_DFL, sa_mask[0]=0x00000000, sa_flags=0x00000000
SIGTRAP: SIG_DFL, sa_mask[0]=0x00000000, sa_flags=0x00000000


---------------  S Y S T E M  ---------------

OS:Ubuntu 14.04 (trusty)
uname:Linux 3.13.0-34-generic #60-Ubuntu SMP Wed Aug 13 15:45:27 UTC 2014 x86_64
libc:glibc 2.19 NPTL 2.19 
rlimit: STACK 8192k, CORE 0k, NPROC 46841, NOFILE 4096, AS infinity
load average:1.12 1.19 0.98

/proc/meminfo:
MemTotal:        6017264 kB
MemFree:          718508 kB
Buffers:           55192 kB
Cached:           968492 kB
SwapCached:       130348 kB
Active:          3729608 kB
Inactive:        1122516 kB
Active(anon):    3337136 kB
Inactive(anon):   869580 kB
Active(file):     392472 kB
Inactive(file):   252936 kB
Unevictable:         208 kB
Mlocked:             208 kB
SwapTotal:       6195196 kB
SwapFree:        5597116 kB
Dirty:                80 kB
Writeback:             0 kB
AnonPages:       3737784 kB
Mapped:           296524 kB
Shmem:            378276 kB
Slab:             260668 kB
SReclaimable:     211900 kB
SUnreclaim:        48768 kB
KernelStack:        6432 kB
PageTables:        81172 kB
NFS_Unstable:          0 kB
Bounce:                0 kB
WritebackTmp:          0 kB
CommitLimit:     9203828 kB
Committed_AS:   11733960 kB
VmallocTotal:   34359738367 kB
VmallocUsed:      356720 kB
VmallocChunk:   34359369852 kB
HardwareCorrupted:     0 kB
AnonHugePages:   1079296 kB
HugePages_Total:       0
HugePages_Free:        0
HugePages_Rsvd:        0
HugePages_Surp:        0
Hugepagesize:       2048 kB
DirectMap4k:       97860 kB
DirectMap2M:     6098944 kB


CPU:total 4 (2 cores per cpu, 2 threads per core) family 6 model 42 stepping 7, cmov, cx8, fxsr, mmx, sse, sse2, sse3, ssse3, sse4.1, sse4.2, popcnt, avx, ht, tsc, tscinvbit

/proc/cpuinfo:
processor	: 0
vendor_id	: GenuineIntel
cpu family	: 6
model		: 42
model name	: Intel(R) Core(TM) i5-2410M CPU @ 2.30GHz
stepping	: 7
microcode	: 0x14
cpu MHz		: 2301.000
cache size	: 3072 KB
physical id	: 0
siblings	: 4
core id		: 0
cpu cores	: 2
apicid		: 0
initial apicid	: 0
fpu		: yes
fpu_exception	: yes
cpuid level	: 13
wp		: yes
flags		: fpu vme de pse tsc msr pae mce cx8 apic sep mtrr pge mca cmov pat pse36 clflush dts acpi mmx fxsr sse sse2 ss ht tm pbe syscall nx rdtscp lm constant_tsc arch_perfmon pebs bts rep_good nopl xtopology nonstop_tsc aperfmperf eagerfpu pni pclmulqdq dtes64 monitor ds_cpl vmx est tm2 ssse3 cx16 xtpr pdcm pcid sse4_1 sse4_2 x2apic popcnt tsc_deadline_timer xsave avx lahf_lm ida arat epb xsaveopt pln pts dtherm tpr_shadow vnmi flexpriority ept vpid
bogomips	: 4589.57
clflush size	: 64
cache_alignment	: 64
address sizes	: 36 bits physical, 48 bits virtual
power management:

processor	: 1
vendor_id	: GenuineIntel
cpu family	: 6
model		: 42
model name	: Intel(R) Core(TM) i5-2410M CPU @ 2.30GHz
stepping	: 7
microcode	: 0x14
cpu MHz		: 1000.000
cache size	: 3072 KB
physical id	: 0
siblings	: 4
core id		: 1
cpu cores	: 2
apicid		: 2
initial apicid	: 2
fpu		: yes
fpu_exception	: yes
cpuid level	: 13
wp		: yes
flags		: fpu vme de pse tsc msr pae mce cx8 apic sep mtrr pge mca cmov pat pse36 clflush dts acpi mmx fxsr sse sse2 ss ht tm pbe syscall nx rdtscp lm constant_tsc arch_perfmon pebs bts rep_good nopl xtopology nonstop_tsc aperfmperf eagerfpu pni pclmulqdq dtes64 monitor ds_cpl vmx est tm2 ssse3 cx16 xtpr pdcm pcid sse4_1 sse4_2 x2apic popcnt tsc_deadline_timer xsave avx lahf_lm ida arat epb xsaveopt pln pts dtherm tpr_shadow vnmi flexpriority ept vpid
bogomips	: 4589.57
clflush size	: 64
cache_alignment	: 64
address sizes	: 36 bits physical, 48 bits virtual
power management:

processor	: 2
vendor_id	: GenuineIntel
cpu family	: 6
model		: 42
model name	: Intel(R) Core(TM) i5-2410M CPU @ 2.30GHz
stepping	: 7
microcode	: 0x14
cpu MHz		: 2301.000
cache size	: 3072 KB
physical id	: 0
siblings	: 4
core id		: 0
cpu cores	: 2
apicid		: 1
initial apicid	: 1
fpu		: yes
fpu_exception	: yes
cpuid level	: 13
wp		: yes
flags		: fpu vme de pse tsc msr pae mce cx8 apic sep mtrr pge mca cmov pat pse36 clflush dts acpi mmx fxsr sse sse2 ss ht tm pbe syscall nx rdtscp lm constant_tsc arch_perfmon pebs bts rep_good nopl xtopology nonstop_tsc aperfmperf eagerfpu pni pclmulqdq dtes64 monitor ds_cpl vmx est tm2 ssse3 cx16 xtpr pdcm pcid sse4_1 sse4_2 x2apic popcnt tsc_deadline_timer xsave avx lahf_lm ida arat epb xsaveopt pln pts dtherm tpr_shadow vnmi flexpriority ept vpid
bogomips	: 4589.57
clflush size	: 64
cache_alignment	: 64
address sizes	: 36 bits physical, 48 bits virtual
power management:

processor	: 3
vendor_id	: GenuineIntel
cpu family	: 6
model		: 42
model name	: Intel(R) Core(TM) i5-2410M CPU @ 2.30GHz
stepping	: 7
microcode	: 0x14
cpu MHz		: 1000.000
cache size	: 3072 KB
physical id	: 0
siblings	: 4
core id		: 1
cpu cores	: 2
apicid		: 3
initial apicid	: 3
fpu		: yes
fpu_exception	: yes
cpuid level	: 13
wp		: yes
flags		: fpu vme de pse tsc msr pae mce cx8 apic sep mtrr pge mca cmov pat pse36 clflush dts acpi mmx fxsr sse sse2 ss ht tm pbe syscall nx rdtscp lm constant_tsc arch_perfmon pebs bts rep_good nopl xtopology nonstop_tsc aperfmperf eagerfpu pni pclmulqdq dtes64 monitor ds_cpl vmx est tm2 ssse3 cx16 xtpr pdcm pcid sse4_1 sse4_2 x2apic popcnt tsc_deadline_timer xsave avx lahf_lm ida arat epb xsaveopt pln pts dtherm tpr_shadow vnmi flexpriority ept vpid
bogomips	: 4589.57
clflush size	: 64
cache_alignment	: 64
address sizes	: 36 bits physical, 48 bits virtual
power management:



Memory: 4k page, physical 6017264k(718508k free), swap 6195196k(5597116k free)

vm_info: OpenJDK 64-Bit Server VM (24.65-b04) for linux-amd64 JRE (1.7.0_65-b32), built on Aug  1 2014 21:58:28 by "buildd" with gcc 4.8.2

time: Wed Aug 27 19:42:50 2014
elapsed time: 0 seconds

