#
# A fatal error has been detected by the Java Runtime Environment:
#
#  Internal Error (javaClasses.cpp:139), pid=30388, tid=139661549029120
#  fatal error: Invalid layout of preloaded class
#
# JRE version:  (7.0_65-b32) (build )
# Java VM: OpenJDK 64-Bit Server VM (24.65-b04 mixed mode linux-amd64 compressed oops)
# Failed to write core dump. Core dumps have been disabled. To enable core dumping, try "ulimit -c unlimited" before starting Java again
#
# If you would like to submit a bug report, please include
# instructions on how to reproduce the bug and visit:
#   http://icedtea.classpath.org/bugzilla
#

---------------  T H R E A D  ---------------

Current thread (0x00007f057400a000):  JavaThread "Unknown thread" [_thread_in_vm, id=30394, stack(0x00007f057cf4c000,0x00007f057d04d000)]

Stack: [0x00007f057cf4c000,0x00007f057d04d000],  sp=0x00007f057d04b900,  free space=1022k
Native frames: (J=compiled Java code, j=interpreted, Vv=VM code, C=native code)
V  [libjvm.so+0x948745]  VMError::report_and_die()+0x175
V  [libjvm.so+0x48b874]  report_fatal(char const*, int, char const*)+0x54
V  [libjvm.so+0x5e89b0]  compute_offset(int&, klassOopDesc*, Symbol*, Symbol*, bool) [clone .constprop.121]+0xc0
V  [libjvm.so+0x5e8a86]  java_lang_String::compute_offsets()+0x36
V  [libjvm.so+0x8ce2ac]  SystemDictionary::initialize_preloaded_classes(Thread*)+0xcc
V  [libjvm.so+0x919b98]  Universe::genesis(Thread*)+0x468
V  [libjvm.so+0x91a1a4]  universe2_init()+0x24
V  [libjvm.so+0x59cf6a]  init_globals()+0x9a
V  [libjvm.so+0x8fcf7f]  Threads::create_vm(JavaVMInitArgs*, bool*)+0x35f
V  [libjvm.so+0x608284]  JNI_CreateJavaVM+0x54
C  [libjli.so+0x2b48]


---------------  P R O C E S S  ---------------

Java Threads: ( => current thread )

Other Threads:

=>0x00007f057400a000 (exited) JavaThread "Unknown thread" [_thread_in_vm, id=30394, stack(0x00007f057cf4c000,0x00007f057d04d000)]

VM state:not at safepoint (not fully initialized)

VM Mutex/Monitor currently owned by a thread: None

GC Heap History (0 events):
No events

Deoptimization events (0 events):
No events

Internal exceptions (0 events):
No events

Events (10 events):
Event: 0.010 loading class 0x00007f0578e4e6f0 done
Event: 0.010 loading class 0x00007f0578e4e110 done
Event: 0.010 loading class 0x00007f0578e4e0f0
Event: 0.011 loading class 0x00007f0578e56180
Event: 0.011 loading class 0x00007f0578e56180 done
Event: 0.011 loading class 0x00007f0578e561b0
Event: 0.011 loading class 0x00007f0578e561b0 done
Event: 0.011 loading class 0x00007f0578e561e0
Event: 0.011 loading class 0x00007f0578e561e0 done
Event: 0.011 loading class 0x00007f0578e4e0f0 done


Dynamic libraries:
00400000-00401000 r-xp 00000000 08:05 658566                             /usr/lib/jvm/java-7-openjdk-amd64/jre/bin/java
00600000-00601000 r--p 00000000 08:05 658566                             /usr/lib/jvm/java-7-openjdk-amd64/jre/bin/java
00601000-00602000 rw-p 00001000 08:05 658566                             /usr/lib/jvm/java-7-openjdk-amd64/jre/bin/java
01e0e000-01e2f000 rw-p 00000000 00:00 0                                  [heap]
99c00000-9b100000 rw-p 00000000 00:00 0 
9b100000-a4200000 rw-p 00000000 00:00 0 
a4200000-a7f00000 rw-p 00000000 00:00 0 
a7f00000-e1600000 rw-p 00000000 00:00 0 
e1600000-e3500000 rw-p 00000000 00:00 0 
e3500000-100000000 rw-p 00000000 00:00 0 
7f055c000000-7f055c021000 rw-p 00000000 00:00 0 
7f055c021000-7f0560000000 ---p 00000000 00:00 0 
7f0560000000-7f0560021000 rw-p 00000000 00:00 0 
7f0560021000-7f0564000000 ---p 00000000 00:00 0 
7f0564000000-7f0564021000 rw-p 00000000 00:00 0 
7f0564021000-7f0568000000 ---p 00000000 00:00 0 
7f0568ce0000-7f056c000000 rw-p 00000000 00:00 0 
7f056c000000-7f056c021000 rw-p 00000000 00:00 0 
7f056c021000-7f0570000000 ---p 00000000 00:00 0 
7f0571000000-7f0571270000 rwxp 00000000 00:00 0 
7f0571270000-7f0574056000 rw-p 00000000 00:00 0 
7f0574056000-7f0578000000 ---p 00000000 00:00 0 
7f0578aa0000-7f0578d01000 rw-p 00000000 00:00 0 
7f0578d01000-7f0578dd8000 r--s 013fe000 08:05 3816008                    /home/chris/Projects/Android/adt-bundle-linux-x86_64-20140702/sdk/platforms/android-19/android.jar
7f0578dd8000-7f0579223000 rw-p 00000000 00:00 0 
7f0579223000-7f0579224000 ---p 00000000 00:00 0 
7f0579224000-7f0579324000 rw-p 00000000 00:00 0                          [stack:30398]
7f0579324000-7f0579325000 ---p 00000000 00:00 0 
7f0579325000-7f0579425000 rw-p 00000000 00:00 0                          [stack:30397]
7f0579425000-7f0579426000 ---p 00000000 00:00 0 
7f0579426000-7f0579526000 rw-p 00000000 00:00 0                          [stack:30396]
7f0579526000-7f0579527000 ---p 00000000 00:00 0 
7f0579527000-7f0579632000 rw-p 00000000 00:00 0                          [stack:30395]
7f0579632000-7f057967a000 rw-p 00000000 00:00 0 
7f057967a000-7f0579699000 rw-p 00000000 00:00 0 
7f0579699000-7f0579864000 rw-p 00000000 00:00 0 
7f0579864000-7f057986f000 rw-p 00000000 00:00 0 
7f057986f000-7f05798b7000 rw-p 00000000 00:00 0 
7f05798b7000-7f05798d6000 rw-p 00000000 00:00 0 
7f05798d6000-7f0579aa1000 rw-p 00000000 00:00 0 
7f0579aa1000-7f0579ab1000 rw-p 00000000 00:00 0 
7f0579ab1000-7f0579b96000 rw-p 00000000 00:00 0 
7f0579b96000-7f0579b97000 rw-p 00000000 00:00 0 
7f0579b97000-7f0579b9f000 r-xp 00000000 08:05 658594                     /usr/lib/jvm/java-7-openjdk-amd64/jre/lib/amd64/libzip.so
7f0579b9f000-7f0579d9e000 ---p 00008000 08:05 658594                     /usr/lib/jvm/java-7-openjdk-amd64/jre/lib/amd64/libzip.so
7f0579d9e000-7f0579d9f000 r--p 00007000 08:05 658594                     /usr/lib/jvm/java-7-openjdk-amd64/jre/lib/amd64/libzip.so
7f0579d9f000-7f0579da0000 rw-p 00008000 08:05 658594                     /usr/lib/jvm/java-7-openjdk-amd64/jre/lib/amd64/libzip.so
7f0579da0000-7f0579dab000 r-xp 00000000 08:05 7996750                    /lib/x86_64-linux-gnu/libnss_files-2.19.so
7f0579dab000-7f0579faa000 ---p 0000b000 08:05 7996750                    /lib/x86_64-linux-gnu/libnss_files-2.19.so
7f0579faa000-7f0579fab000 r--p 0000a000 08:05 7996750                    /lib/x86_64-linux-gnu/libnss_files-2.19.so
7f0579fab000-7f0579fac000 rw-p 0000b000 08:05 7996750                    /lib/x86_64-linux-gnu/libnss_files-2.19.so
7f0579fac000-7f0579fb7000 r-xp 00000000 08:05 7996718                    /lib/x86_64-linux-gnu/libnss_nis-2.19.so
7f0579fb7000-7f057a1b6000 ---p 0000b000 08:05 7996718                    /lib/x86_64-linux-gnu/libnss_nis-2.19.so
7f057a1b6000-7f057a1b7000 r--p 0000a000 08:05 7996718                    /lib/x86_64-linux-gnu/libnss_nis-2.19.so
7f057a1b7000-7f057a1b8000 rw-p 0000b000 08:05 7996718                    /lib/x86_64-linux-gnu/libnss_nis-2.19.so
7f057a1b8000-7f057a1cf000 r-xp 00000000 08:05 7996754                    /lib/x86_64-linux-gnu/libnsl-2.19.so
7f057a1cf000-7f057a3ce000 ---p 00017000 08:05 7996754                    /lib/x86_64-linux-gnu/libnsl-2.19.so
7f057a3ce000-7f057a3cf000 r--p 00016000 08:05 7996754                    /lib/x86_64-linux-gnu/libnsl-2.19.so
7f057a3cf000-7f057a3d0000 rw-p 00017000 08:05 7996754                    /lib/x86_64-linux-gnu/libnsl-2.19.so
7f057a3d0000-7f057a3d2000 rw-p 00000000 00:00 0 
7f057a3d2000-7f057a3db000 r-xp 00000000 08:05 7996740                    /lib/x86_64-linux-gnu/libnss_compat-2.19.so
7f057a3db000-7f057a5da000 ---p 00009000 08:05 7996740                    /lib/x86_64-linux-gnu/libnss_compat-2.19.so
7f057a5da000-7f057a5db000 r--p 00008000 08:05 7996740                    /lib/x86_64-linux-gnu/libnss_compat-2.19.so
7f057a5db000-7f057a5dc000 rw-p 00009000 08:05 7996740                    /lib/x86_64-linux-gnu/libnss_compat-2.19.so
7f057a5dc000-7f057a607000 r-xp 00000000 08:05 658629                     /usr/lib/jvm/java-7-openjdk-amd64/jre/lib/amd64/libjava.so
7f057a607000-7f057a807000 ---p 0002b000 08:05 658629                     /usr/lib/jvm/java-7-openjdk-amd64/jre/lib/amd64/libjava.so
7f057a807000-7f057a808000 r--p 0002b000 08:05 658629                     /usr/lib/jvm/java-7-openjdk-amd64/jre/lib/amd64/libjava.so
7f057a808000-7f057a80a000 rw-p 0002c000 08:05 658629                     /usr/lib/jvm/java-7-openjdk-amd64/jre/lib/amd64/libjava.so
7f057a80a000-7f057a81a000 r-xp 00000000 08:05 658603                     /usr/lib/jvm/java-7-openjdk-amd64/jre/lib/amd64/libverify.so
7f057a81a000-7f057aa19000 ---p 00010000 08:05 658603                     /usr/lib/jvm/java-7-openjdk-amd64/jre/lib/amd64/libverify.so
7f057aa19000-7f057aa1b000 r--p 0000f000 08:05 658603                     /usr/lib/jvm/java-7-openjdk-amd64/jre/lib/amd64/libverify.so
7f057aa1b000-7f057aa1c000 rw-p 00011000 08:05 658603                     /usr/lib/jvm/java-7-openjdk-amd64/jre/lib/amd64/libverify.so
7f057aa1c000-7f057aa23000 r-xp 00000000 08:05 7996746                    /lib/x86_64-linux-gnu/librt-2.19.so
7f057aa23000-7f057ac22000 ---p 00007000 08:05 7996746                    /lib/x86_64-linux-gnu/librt-2.19.so
7f057ac22000-7f057ac23000 r--p 00006000 08:05 7996746                    /lib/x86_64-linux-gnu/librt-2.19.so
7f057ac23000-7f057ac24000 rw-p 00007000 08:05 7996746                    /lib/x86_64-linux-gnu/librt-2.19.so
7f057ac24000-7f057ac3a000 r-xp 00000000 08:05 7996133                    /lib/x86_64-linux-gnu/libgcc_s.so.1
7f057ac3a000-7f057ae39000 ---p 00016000 08:05 7996133                    /lib/x86_64-linux-gnu/libgcc_s.so.1
7f057ae39000-7f057ae3a000 rw-p 00015000 08:05 7996133                    /lib/x86_64-linux-gnu/libgcc_s.so.1
7f057ae3a000-7f057af3f000 r-xp 00000000 08:05 7996748                    /lib/x86_64-linux-gnu/libm-2.19.so
7f057af3f000-7f057b13e000 ---p 00105000 08:05 7996748                    /lib/x86_64-linux-gnu/libm-2.19.so
7f057b13e000-7f057b13f000 r--p 00104000 08:05 7996748                    /lib/x86_64-linux-gnu/libm-2.19.so
7f057b13f000-7f057b140000 rw-p 00105000 08:05 7996748                    /lib/x86_64-linux-gnu/libm-2.19.so
7f057b140000-7f057b226000 r-xp 00000000 08:05 11931834                   /usr/lib/x86_64-linux-gnu/libstdc++.so.6.0.19
7f057b226000-7f057b425000 ---p 000e6000 08:05 11931834                   /usr/lib/x86_64-linux-gnu/libstdc++.so.6.0.19
7f057b425000-7f057b42d000 r--p 000e5000 08:05 11931834                   /usr/lib/x86_64-linux-gnu/libstdc++.so.6.0.19
7f057b42d000-7f057b42f000 rw-p 000ed000 08:05 11931834                   /usr/lib/x86_64-linux-gnu/libstdc++.so.6.0.19
7f057b42f000-7f057b444000 rw-p 00000000 00:00 0 
7f057b444000-7f057bf5a000 r-xp 00000000 08:05 658596                     /usr/lib/jvm/java-7-openjdk-amd64/jre/lib/amd64/server/libjvm.so
7f057bf5a000-7f057c159000 ---p 00b16000 08:05 658596                     /usr/lib/jvm/java-7-openjdk-amd64/jre/lib/amd64/server/libjvm.so
7f057c159000-7f057c1f3000 r--p 00b15000 08:05 658596                     /usr/lib/jvm/java-7-openjdk-amd64/jre/lib/amd64/server/libjvm.so
7f057c1f3000-7f057c216000 rw-p 00baf000 08:05 658596                     /usr/lib/jvm/java-7-openjdk-amd64/jre/lib/amd64/server/libjvm.so
7f057c216000-7f057c244000 rw-p 00000000 00:00 0 
7f057c244000-7f057c25c000 r-xp 00000000 08:05 7999434                    /lib/x86_64-linux-gnu/libz.so.1.2.8
7f057c25c000-7f057c45b000 ---p 00018000 08:05 7999434                    /lib/x86_64-linux-gnu/libz.so.1.2.8
7f057c45b000-7f057c45c000 r--p 00017000 08:05 7999434                    /lib/x86_64-linux-gnu/libz.so.1.2.8
7f057c45c000-7f057c45d000 rw-p 00018000 08:05 7999434                    /lib/x86_64-linux-gnu/libz.so.1.2.8
7f057c45d000-7f057c476000 r-xp 00000000 08:05 7996758                    /lib/x86_64-linux-gnu/libpthread-2.19.so
7f057c476000-7f057c675000 ---p 00019000 08:05 7996758                    /lib/x86_64-linux-gnu/libpthread-2.19.so
7f057c675000-7f057c676000 r--p 00018000 08:05 7996758                    /lib/x86_64-linux-gnu/libpthread-2.19.so
7f057c676000-7f057c677000 rw-p 00019000 08:05 7996758                    /lib/x86_64-linux-gnu/libpthread-2.19.so
7f057c677000-7f057c67b000 rw-p 00000000 00:00 0 
7f057c67b000-7f057c67e000 r-xp 00000000 08:05 7996734                    /lib/x86_64-linux-gnu/libdl-2.19.so
7f057c67e000-7f057c87d000 ---p 00003000 08:05 7996734                    /lib/x86_64-linux-gnu/libdl-2.19.so
7f057c87d000-7f057c87e000 r--p 00002000 08:05 7996734                    /lib/x86_64-linux-gnu/libdl-2.19.so
7f057c87e000-7f057c87f000 rw-p 00003000 08:05 7996734                    /lib/x86_64-linux-gnu/libdl-2.19.so
7f057c87f000-7f057ca3b000 r-xp 00000000 08:05 7996756                    /lib/x86_64-linux-gnu/libc-2.19.so
7f057ca3b000-7f057cc3a000 ---p 001bc000 08:05 7996756                    /lib/x86_64-linux-gnu/libc-2.19.so
7f057cc3a000-7f057cc3e000 r--p 001bb000 08:05 7996756                    /lib/x86_64-linux-gnu/libc-2.19.so
7f057cc3e000-7f057cc40000 rw-p 001bf000 08:05 7996756                    /lib/x86_64-linux-gnu/libc-2.19.so
7f057cc40000-7f057cc45000 rw-p 00000000 00:00 0 
7f057cc45000-7f057cc52000 r-xp 00000000 08:05 658611                     /usr/lib/jvm/java-7-openjdk-amd64/jre/lib/amd64/jli/libjli.so
7f057cc52000-7f057ce51000 ---p 0000d000 08:05 658611                     /usr/lib/jvm/java-7-openjdk-amd64/jre/lib/amd64/jli/libjli.so
7f057ce51000-7f057ce52000 r--p 0000c000 08:05 658611                     /usr/lib/jvm/java-7-openjdk-amd64/jre/lib/amd64/jli/libjli.so
7f057ce52000-7f057ce53000 rw-p 0000d000 08:05 658611                     /usr/lib/jvm/java-7-openjdk-amd64/jre/lib/amd64/jli/libjli.so
7f057ce53000-7f057ce76000 r-xp 00000000 08:05 7996732                    /lib/x86_64-linux-gnu/ld-2.19.so
7f057ce8c000-7f057ce96000 rw-p 00000000 00:00 0 
7f057ce96000-7f057cf4c000 rw-p 00000000 00:00 0 
7f057cf4c000-7f057cf4f000 ---p 00000000 00:00 0 
7f057cf4f000-7f057d052000 rw-p 00000000 00:00 0                          [stack:30394]
7f057d067000-7f057d069000 rw-p 00000000 00:00 0 
7f057d069000-7f057d071000 rw-s 00000000 08:05 6294309                    /tmp/hsperfdata_chris/30388
7f057d071000-7f057d072000 rw-p 00000000 00:00 0 
7f057d072000-7f057d073000 r--p 00000000 00:00 0 
7f057d073000-7f057d075000 rw-p 00000000 00:00 0 
7f057d075000-7f057d076000 r--p 00022000 08:05 7996732                    /lib/x86_64-linux-gnu/ld-2.19.so
7f057d076000-7f057d077000 rw-p 00023000 08:05 7996732                    /lib/x86_64-linux-gnu/ld-2.19.so
7f057d077000-7f057d078000 rw-p 00000000 00:00 0 
7fffce2c7000-7fffce2e8000 rw-p 00000000 00:00 0                          [stack]
7fffce3fe000-7fffce400000 r-xp 00000000 00:00 0                          [vdso]
ffffffffff600000-ffffffffff601000 r-xp 00000000 00:00 0                  [vsyscall]

VM Arguments:
jvm_args: -Dfile.encoding=UTF-8 -Xbootclasspath:/home/chris/Projects/Android/adt-bundle-linux-x86_64-20140702/sdk/platforms/android-19/android.jar 
java_command: hay.chris.smartunlock.ConditionObject
Launcher Type: SUN_STANDARD

Environment Variables:
PATH=/usr/local/sbin:/usr/local/bin:/usr/sbin:/usr/bin:/sbin:/bin:/usr/games:/usr/local/games
SHELL=/bin/bash
DISPLAY=:0.0

Signal Handlers:
SIGSEGV: [libjvm.so+0x949220], sa_mask[0]=0x7ffbfeff, sa_flags=0x10000004
SIGBUS: [libjvm.so+0x949220], sa_mask[0]=0x7ffbfeff, sa_flags=0x10000004
SIGFPE: [libjvm.so+0x7c2e80], sa_mask[0]=0x7ffbfeff, sa_flags=0x10000004
SIGPIPE: [libjvm.so+0x7c2e80], sa_mask[0]=0x7ffbfeff, sa_flags=0x10000004
SIGXFSZ: [libjvm.so+0x7c2e80], sa_mask[0]=0x7ffbfeff, sa_flags=0x10000004
SIGILL: [libjvm.so+0x7c2e80], sa_mask[0]=0x7ffbfeff, sa_flags=0x10000004
SIGUSR1: SIG_DFL, sa_mask[0]=0x00000000, sa_flags=0x00000000
SIGUSR2: [libjvm.so+0x7c2d20], sa_mask[0]=0x00000004, sa_flags=0x10000004
SIGHUP: SIG_DFL, sa_mask[0]=0x00000000, sa_flags=0x00000000
SIGINT: SIG_DFL, sa_mask[0]=0x00000000, sa_flags=0x00000000
SIGTERM: SIG_DFL, sa_mask[0]=0x00000000, sa_flags=0x00000000
SIGQUIT: SIG_DFL, sa_mask[0]=0x00000000, sa_flags=0x00000000
SIGTRAP: SIG_DFL, sa_mask[0]=0x00000000, sa_flags=0x00000000


---------------  S Y S T E M  ---------------

OS:Ubuntu 14.04 (trusty)
uname:Linux 3.13.0-34-generic #60-Ubuntu SMP Wed Aug 13 15:45:27 UTC 2014 x86_64
libc:glibc 2.19 NPTL 2.19 
rlimit: STACK 8192k, CORE 0k, NPROC 46841, NOFILE 4096, AS infinity
load average:1.22 1.22 0.98

/proc/meminfo:
MemTotal:        6017264 kB
MemFree:          722628 kB
Buffers:           55176 kB
Cached:           968616 kB
SwapCached:       130348 kB
Active:          3725640 kB
Inactive:        1122456 kB
Active(anon):    3333196 kB
Inactive(anon):   869540 kB
Active(file):     392444 kB
Inactive(file):   252916 kB
Unevictable:         208 kB
Mlocked:             208 kB
SwapTotal:       6195196 kB
SwapFree:        5597116 kB
Dirty:               184 kB
Writeback:             0 kB
AnonPages:       3733788 kB
Mapped:           296504 kB
Shmem:            378432 kB
Slab:             260668 kB
SReclaimable:     211900 kB
SUnreclaim:        48768 kB
KernelStack:        6424 kB
PageTables:        81168 kB
NFS_Unstable:          0 kB
Bounce:                0 kB
WritebackTmp:          0 kB
CommitLimit:     9203828 kB
Committed_AS:   11732108 kB
VmallocTotal:   34359738367 kB
VmallocUsed:      356720 kB
VmallocChunk:   34359369852 kB
HardwareCorrupted:     0 kB
AnonHugePages:   1071104 kB
HugePages_Total:       0
HugePages_Free:        0
HugePages_Rsvd:        0
HugePages_Surp:        0
Hugepagesize:       2048 kB
DirectMap4k:       97860 kB
DirectMap2M:     6098944 kB


CPU:total 4 (2 cores per cpu, 2 threads per core) family 6 model 42 stepping 7, cmov, cx8, fxsr, mmx, sse, sse2, sse3, ssse3, sse4.1, sse4.2, popcnt, avx, ht, tsc, tscinvbit

/proc/cpuinfo:
processor	: 0
vendor_id	: GenuineIntel
cpu family	: 6
model		: 42
model name	: Intel(R) Core(TM) i5-2410M CPU @ 2.30GHz
stepping	: 7
microcode	: 0x14
cpu MHz		: 2300.000
cache size	: 3072 KB
physical id	: 0
siblings	: 4
core id		: 0
cpu cores	: 2
apicid		: 0
initial apicid	: 0
fpu		: yes
fpu_exception	: yes
cpuid level	: 13
wp		: yes
flags		: fpu vme de pse tsc msr pae mce cx8 apic sep mtrr pge mca cmov pat pse36 clflush dts acpi mmx fxsr sse sse2 ss ht tm pbe syscall nx rdtscp lm constant_tsc arch_perfmon pebs bts rep_good nopl xtopology nonstop_tsc aperfmperf eagerfpu pni pclmulqdq dtes64 monitor ds_cpl vmx est tm2 ssse3 cx16 xtpr pdcm pcid sse4_1 sse4_2 x2apic popcnt tsc_deadline_timer xsave avx lahf_lm ida arat epb xsaveopt pln pts dtherm tpr_shadow vnmi flexpriority ept vpid
bogomips	: 4589.57
clflush size	: 64
cache_alignment	: 64
address sizes	: 36 bits physical, 48 bits virtual
power management:

processor	: 1
vendor_id	: GenuineIntel
cpu family	: 6
model		: 42
model name	: Intel(R) Core(TM) i5-2410M CPU @ 2.30GHz
stepping	: 7
microcode	: 0x14
cpu MHz		: 1800.000
cache size	: 3072 KB
physical id	: 0
siblings	: 4
core id		: 1
cpu cores	: 2
apicid		: 2
initial apicid	: 2
fpu		: yes
fpu_exception	: yes
cpuid level	: 13
wp		: yes
flags		: fpu vme de pse tsc msr pae mce cx8 apic sep mtrr pge mca cmov pat pse36 clflush dts acpi mmx fxsr sse sse2 ss ht tm pbe syscall nx rdtscp lm constant_tsc arch_perfmon pebs bts rep_good nopl xtopology nonstop_tsc aperfmperf eagerfpu pni pclmulqdq dtes64 monitor ds_cpl vmx est tm2 ssse3 cx16 xtpr pdcm pcid sse4_1 sse4_2 x2apic popcnt tsc_deadline_timer xsave avx lahf_lm ida arat epb xsaveopt pln pts dtherm tpr_shadow vnmi flexpriority ept vpid
bogomips	: 4589.57
clflush size	: 64
cache_alignment	: 64
address sizes	: 36 bits physical, 48 bits virtual
power management:

processor	: 2
vendor_id	: GenuineIntel
cpu family	: 6
model		: 42
model name	: Intel(R) Core(TM) i5-2410M CPU @ 2.30GHz
stepping	: 7
microcode	: 0x14
cpu MHz		: 2301.000
cache size	: 3072 KB
physical id	: 0
siblings	: 4
core id		: 0
cpu cores	: 2
apicid		: 1
initial apicid	: 1
fpu		: yes
fpu_exception	: yes
cpuid level	: 13
wp		: yes
flags		: fpu vme de pse tsc msr pae mce cx8 apic sep mtrr pge mca cmov pat pse36 clflush dts acpi mmx fxsr sse sse2 ss ht tm pbe syscall nx rdtscp lm constant_tsc arch_perfmon pebs bts rep_good nopl xtopology nonstop_tsc aperfmperf eagerfpu pni pclmulqdq dtes64 monitor ds_cpl vmx est tm2 ssse3 cx16 xtpr pdcm pcid sse4_1 sse4_2 x2apic popcnt tsc_deadline_timer xsave avx lahf_lm ida arat epb xsaveopt pln pts dtherm tpr_shadow vnmi flexpriority ept vpid
bogomips	: 4589.57
clflush size	: 64
cache_alignment	: 64
address sizes	: 36 bits physical, 48 bits virtual
power management:

processor	: 3
vendor_id	: GenuineIntel
cpu family	: 6
model		: 42
model name	: Intel(R) Core(TM) i5-2410M CPU @ 2.30GHz
stepping	: 7
microcode	: 0x14
cpu MHz		: 2301.000
cache size	: 3072 KB
physical id	: 0
siblings	: 4
core id		: 1
cpu cores	: 2
apicid		: 3
initial apicid	: 3
fpu		: yes
fpu_exception	: yes
cpuid level	: 13
wp		: yes
flags		: fpu vme de pse tsc msr pae mce cx8 apic sep mtrr pge mca cmov pat pse36 clflush dts acpi mmx fxsr sse sse2 ss ht tm pbe syscall nx rdtscp lm constant_tsc arch_perfmon pebs bts rep_good nopl xtopology nonstop_tsc aperfmperf eagerfpu pni pclmulqdq dtes64 monitor ds_cpl vmx est tm2 ssse3 cx16 xtpr pdcm pcid sse4_1 sse4_2 x2apic popcnt tsc_deadline_timer xsave avx lahf_lm ida arat epb xsaveopt pln pts dtherm tpr_shadow vnmi flexpriority ept vpid
bogomips	: 4589.57
clflush size	: 64
cache_alignment	: 64
address sizes	: 36 bits physical, 48 bits virtual
power management:



Memory: 4k page, physical 6017264k(722628k free), swap 6195196k(5597116k free)

vm_info: OpenJDK 64-Bit Server VM (24.65-b04) for linux-amd64 JRE (1.7.0_65-b32), built on Aug  1 2014 21:58:28 by "buildd" with gcc 4.8.2

time: Wed Aug 27 19:42:40 2014
elapsed time: 0 seconds

