#
# A fatal error has been detected by the Java Runtime Environment:
#
#  Internal Error (javaClasses.cpp:139), pid=30115, tid=139847815956224
#  fatal error: Invalid layout of preloaded class
#
# JRE version:  (7.0_65-b32) (build )
# Java VM: OpenJDK 64-Bit Server VM (24.65-b04 mixed mode linux-amd64 compressed oops)
# Failed to write core dump. Core dumps have been disabled. To enable core dumping, try "ulimit -c unlimited" before starting Java again
#
# If you would like to submit a bug report, please include
# instructions on how to reproduce the bug and visit:
#   http://icedtea.classpath.org/bugzilla
#

---------------  T H R E A D  ---------------

Current thread (0x00007f30d400a000):  JavaThread "Unknown thread" [_thread_in_vm, id=30121, stack(0x00007f30db548000,0x00007f30db649000)]

Stack: [0x00007f30db548000,0x00007f30db649000],  sp=0x00007f30db647900,  free space=1022k
Native frames: (J=compiled Java code, j=interpreted, Vv=VM code, C=native code)
V  [libjvm.so+0x948745]  VMError::report_and_die()+0x175
V  [libjvm.so+0x48b874]  report_fatal(char const*, int, char const*)+0x54
V  [libjvm.so+0x5e89b0]  compute_offset(int&, klassOopDesc*, Symbol*, Symbol*, bool) [clone .constprop.121]+0xc0
V  [libjvm.so+0x5e8a86]  java_lang_String::compute_offsets()+0x36
V  [libjvm.so+0x8ce2ac]  SystemDictionary::initialize_preloaded_classes(Thread*)+0xcc
V  [libjvm.so+0x919b98]  Universe::genesis(Thread*)+0x468
V  [libjvm.so+0x91a1a4]  universe2_init()+0x24
V  [libjvm.so+0x59cf6a]  init_globals()+0x9a
V  [libjvm.so+0x8fcf7f]  Threads::create_vm(JavaVMInitArgs*, bool*)+0x35f
V  [libjvm.so+0x608284]  JNI_CreateJavaVM+0x54
C  [libjli.so+0x2b48]


---------------  P R O C E S S  ---------------

Java Threads: ( => current thread )

Other Threads:

=>0x00007f30d400a000 (exited) JavaThread "Unknown thread" [_thread_in_vm, id=30121, stack(0x00007f30db548000,0x00007f30db649000)]

VM state:not at safepoint (not fully initialized)

VM Mutex/Monitor currently owned by a thread: None

GC Heap History (0 events):
No events

Deoptimization events (0 events):
No events

Internal exceptions (0 events):
No events

Events (10 events):
Event: 0.510 loading class 0x00007f30d042b6f0 done
Event: 0.510 loading class 0x00007f30d042b110 done
Event: 0.510 loading class 0x00007f30d042b0f0
Event: 0.510 loading class 0x00007f30d0433180
Event: 0.510 loading class 0x00007f30d0433180 done
Event: 0.510 loading class 0x00007f30d04331b0
Event: 0.511 loading class 0x00007f30d04331b0 done
Event: 0.511 loading class 0x00007f30d04331e0
Event: 0.511 loading class 0x00007f30d04331e0 done
Event: 0.511 loading class 0x00007f30d042b0f0 done


Dynamic libraries:
00400000-00401000 r-xp 00000000 08:05 658566                             /usr/lib/jvm/java-7-openjdk-amd64/jre/bin/java
00600000-00601000 r--p 00000000 08:05 658566                             /usr/lib/jvm/java-7-openjdk-amd64/jre/bin/java
00601000-00602000 rw-p 00001000 08:05 658566                             /usr/lib/jvm/java-7-openjdk-amd64/jre/bin/java
02374000-02395000 rw-p 00000000 00:00 0                                  [heap]
99c00000-9b100000 rw-p 00000000 00:00 0 
9b100000-a4200000 rw-p 00000000 00:00 0 
a4200000-a7f00000 rw-p 00000000 00:00 0 
a7f00000-e1600000 rw-p 00000000 00:00 0 
e1600000-e3500000 rw-p 00000000 00:00 0 
e3500000-100000000 rw-p 00000000 00:00 0 
7f30b4000000-7f30b4021000 rw-p 00000000 00:00 0 
7f30b4021000-7f30b8000000 ---p 00000000 00:00 0 
7f30bc000000-7f30bc021000 rw-p 00000000 00:00 0 
7f30bc021000-7f30c0000000 ---p 00000000 00:00 0 
7f30c4000000-7f30c4021000 rw-p 00000000 00:00 0 
7f30c4021000-7f30c8000000 ---p 00000000 00:00 0 
7f30c8ce0000-7f30cc000000 rw-p 00000000 00:00 0 
7f30cc000000-7f30cc021000 rw-p 00000000 00:00 0 
7f30cc021000-7f30d0000000 ---p 00000000 00:00 0 
7f30d007d000-7f30d02de000 rw-p 00000000 00:00 0 
7f30d02de000-7f30d03b5000 r--s 013fe000 08:05 3816008                    /home/chris/Projects/Android/adt-bundle-linux-x86_64-20140702/sdk/platforms/android-19/android.jar
7f30d03b5000-7f30d07e0000 rw-p 00000000 00:00 0 
7f30d07e0000-7f30d07e1000 ---p 00000000 00:00 0 
7f30d07e1000-7f30d08e1000 rw-p 00000000 00:00 0                          [stack:30125]
7f30d08e1000-7f30d08e2000 ---p 00000000 00:00 0 
7f30d08e2000-7f30d09e2000 rw-p 00000000 00:00 0                          [stack:30124]
7f30d09e2000-7f30d09e3000 ---p 00000000 00:00 0 
7f30d09e3000-7f30d0b02000 rw-p 00000000 00:00 0                          [stack:30123]
7f30d0b02000-7f30d0ccd000 rw-p 00000000 00:00 0 
7f30d0ccd000-7f30d0cd8000 rw-p 00000000 00:00 0 
7f30d0cd8000-7f30d0d20000 rw-p 00000000 00:00 0 
7f30d0d20000-7f30d0d3f000 rw-p 00000000 00:00 0 
7f30d0d3f000-7f30d0f0a000 rw-p 00000000 00:00 0 
7f30d0f0a000-7f30d0f1a000 rw-p 00000000 00:00 0 
7f30d0f1a000-7f30d0fff000 rw-p 00000000 00:00 0 
7f30d0fff000-7f30d1000000 rw-p 00000000 00:00 0 
7f30d1000000-7f30d1270000 rwxp 00000000 00:00 0 
7f30d1270000-7f30d4056000 rw-p 00000000 00:00 0 
7f30d4056000-7f30d8000000 ---p 00000000 00:00 0 
7f30d801f000-7f30d803f000 rw-p 00000000 00:00 0 
7f30d803f000-7f30d8040000 ---p 00000000 00:00 0 
7f30d8040000-7f30d814b000 rw-p 00000000 00:00 0                          [stack:30122]
7f30d814b000-7f30d8193000 rw-p 00000000 00:00 0 
7f30d8193000-7f30d819b000 r-xp 00000000 08:05 658594                     /usr/lib/jvm/java-7-openjdk-amd64/jre/lib/amd64/libzip.so
7f30d819b000-7f30d839a000 ---p 00008000 08:05 658594                     /usr/lib/jvm/java-7-openjdk-amd64/jre/lib/amd64/libzip.so
7f30d839a000-7f30d839b000 r--p 00007000 08:05 658594                     /usr/lib/jvm/java-7-openjdk-amd64/jre/lib/amd64/libzip.so
7f30d839b000-7f30d839c000 rw-p 00008000 08:05 658594                     /usr/lib/jvm/java-7-openjdk-amd64/jre/lib/amd64/libzip.so
7f30d839c000-7f30d83a7000 r-xp 00000000 08:05 7996750                    /lib/x86_64-linux-gnu/libnss_files-2.19.so
7f30d83a7000-7f30d85a6000 ---p 0000b000 08:05 7996750                    /lib/x86_64-linux-gnu/libnss_files-2.19.so
7f30d85a6000-7f30d85a7000 r--p 0000a000 08:05 7996750                    /lib/x86_64-linux-gnu/libnss_files-2.19.so
7f30d85a7000-7f30d85a8000 rw-p 0000b000 08:05 7996750                    /lib/x86_64-linux-gnu/libnss_files-2.19.so
7f30d85a8000-7f30d85b3000 r-xp 00000000 08:05 7996718                    /lib/x86_64-linux-gnu/libnss_nis-2.19.so
7f30d85b3000-7f30d87b2000 ---p 0000b000 08:05 7996718                    /lib/x86_64-linux-gnu/libnss_nis-2.19.so
7f30d87b2000-7f30d87b3000 r--p 0000a000 08:05 7996718                    /lib/x86_64-linux-gnu/libnss_nis-2.19.so
7f30d87b3000-7f30d87b4000 rw-p 0000b000 08:05 7996718                    /lib/x86_64-linux-gnu/libnss_nis-2.19.so
7f30d87b4000-7f30d87cb000 r-xp 00000000 08:05 7996754                    /lib/x86_64-linux-gnu/libnsl-2.19.so
7f30d87cb000-7f30d89ca000 ---p 00017000 08:05 7996754                    /lib/x86_64-linux-gnu/libnsl-2.19.so
7f30d89ca000-7f30d89cb000 r--p 00016000 08:05 7996754                    /lib/x86_64-linux-gnu/libnsl-2.19.so
7f30d89cb000-7f30d89cc000 rw-p 00017000 08:05 7996754                    /lib/x86_64-linux-gnu/libnsl-2.19.so
7f30d89cc000-7f30d89ce000 rw-p 00000000 00:00 0 
7f30d89ce000-7f30d89d7000 r-xp 00000000 08:05 7996740                    /lib/x86_64-linux-gnu/libnss_compat-2.19.so
7f30d89d7000-7f30d8bd6000 ---p 00009000 08:05 7996740                    /lib/x86_64-linux-gnu/libnss_compat-2.19.so
7f30d8bd6000-7f30d8bd7000 r--p 00008000 08:05 7996740                    /lib/x86_64-linux-gnu/libnss_compat-2.19.so
7f30d8bd7000-7f30d8bd8000 rw-p 00009000 08:05 7996740                    /lib/x86_64-linux-gnu/libnss_compat-2.19.so
7f30d8bd8000-7f30d8c03000 r-xp 00000000 08:05 658629                     /usr/lib/jvm/java-7-openjdk-amd64/jre/lib/amd64/libjava.so
7f30d8c03000-7f30d8e03000 ---p 0002b000 08:05 658629                     /usr/lib/jvm/java-7-openjdk-amd64/jre/lib/amd64/libjava.so
7f30d8e03000-7f30d8e04000 r--p 0002b000 08:05 658629                     /usr/lib/jvm/java-7-openjdk-amd64/jre/lib/amd64/libjava.so
7f30d8e04000-7f30d8e06000 rw-p 0002c000 08:05 658629                     /usr/lib/jvm/java-7-openjdk-amd64/jre/lib/amd64/libjava.so
7f30d8e06000-7f30d8e16000 r-xp 00000000 08:05 658603                     /usr/lib/jvm/java-7-openjdk-amd64/jre/lib/amd64/libverify.so
7f30d8e16000-7f30d9015000 ---p 00010000 08:05 658603                     /usr/lib/jvm/java-7-openjdk-amd64/jre/lib/amd64/libverify.so
7f30d9015000-7f30d9017000 r--p 0000f000 08:05 658603                     /usr/lib/jvm/java-7-openjdk-amd64/jre/lib/amd64/libverify.so
7f30d9017000-7f30d9018000 rw-p 00011000 08:05 658603                     /usr/lib/jvm/java-7-openjdk-amd64/jre/lib/amd64/libverify.so
7f30d9018000-7f30d901f000 r-xp 00000000 08:05 7996746                    /lib/x86_64-linux-gnu/librt-2.19.so
7f30d901f000-7f30d921e000 ---p 00007000 08:05 7996746                    /lib/x86_64-linux-gnu/librt-2.19.so
7f30d921e000-7f30d921f000 r--p 00006000 08:05 7996746                    /lib/x86_64-linux-gnu/librt-2.19.so
7f30d921f000-7f30d9220000 rw-p 00007000 08:05 7996746                    /lib/x86_64-linux-gnu/librt-2.19.so
7f30d9220000-7f30d9236000 r-xp 00000000 08:05 7996133                    /lib/x86_64-linux-gnu/libgcc_s.so.1
7f30d9236000-7f30d9435000 ---p 00016000 08:05 7996133                    /lib/x86_64-linux-gnu/libgcc_s.so.1
7f30d9435000-7f30d9436000 rw-p 00015000 08:05 7996133                    /lib/x86_64-linux-gnu/libgcc_s.so.1
7f30d9436000-7f30d953b000 r-xp 00000000 08:05 7996748                    /lib/x86_64-linux-gnu/libm-2.19.so
7f30d953b000-7f30d973a000 ---p 00105000 08:05 7996748                    /lib/x86_64-linux-gnu/libm-2.19.so
7f30d973a000-7f30d973b000 r--p 00104000 08:05 7996748                    /lib/x86_64-linux-gnu/libm-2.19.so
7f30d973b000-7f30d973c000 rw-p 00105000 08:05 7996748                    /lib/x86_64-linux-gnu/libm-2.19.so
7f30d973c000-7f30d9822000 r-xp 00000000 08:05 11931834                   /usr/lib/x86_64-linux-gnu/libstdc++.so.6.0.19
7f30d9822000-7f30d9a21000 ---p 000e6000 08:05 11931834                   /usr/lib/x86_64-linux-gnu/libstdc++.so.6.0.19
7f30d9a21000-7f30d9a29000 r--p 000e5000 08:05 11931834                   /usr/lib/x86_64-linux-gnu/libstdc++.so.6.0.19
7f30d9a29000-7f30d9a2b000 rw-p 000ed000 08:05 11931834                   /usr/lib/x86_64-linux-gnu/libstdc++.so.6.0.19
7f30d9a2b000-7f30d9a40000 rw-p 00000000 00:00 0 
7f30d9a40000-7f30da556000 r-xp 00000000 08:05 658596                     /usr/lib/jvm/java-7-openjdk-amd64/jre/lib/amd64/server/libjvm.so
7f30da556000-7f30da755000 ---p 00b16000 08:05 658596                     /usr/lib/jvm/java-7-openjdk-amd64/jre/lib/amd64/server/libjvm.so
7f30da755000-7f30da7ef000 r--p 00b15000 08:05 658596                     /usr/lib/jvm/java-7-openjdk-amd64/jre/lib/amd64/server/libjvm.so
7f30da7ef000-7f30da812000 rw-p 00baf000 08:05 658596                     /usr/lib/jvm/java-7-openjdk-amd64/jre/lib/amd64/server/libjvm.so
7f30da812000-7f30da840000 rw-p 00000000 00:00 0 
7f30da840000-7f30da858000 r-xp 00000000 08:05 7999434                    /lib/x86_64-linux-gnu/libz.so.1.2.8
7f30da858000-7f30daa57000 ---p 00018000 08:05 7999434                    /lib/x86_64-linux-gnu/libz.so.1.2.8
7f30daa57000-7f30daa58000 r--p 00017000 08:05 7999434                    /lib/x86_64-linux-gnu/libz.so.1.2.8
7f30daa58000-7f30daa59000 rw-p 00018000 08:05 7999434                    /lib/x86_64-linux-gnu/libz.so.1.2.8
7f30daa59000-7f30daa72000 r-xp 00000000 08:05 7996758                    /lib/x86_64-linux-gnu/libpthread-2.19.so
7f30daa72000-7f30dac71000 ---p 00019000 08:05 7996758                    /lib/x86_64-linux-gnu/libpthread-2.19.so
7f30dac71000-7f30dac72000 r--p 00018000 08:05 7996758                    /lib/x86_64-linux-gnu/libpthread-2.19.so
7f30dac72000-7f30dac73000 rw-p 00019000 08:05 7996758                    /lib/x86_64-linux-gnu/libpthread-2.19.so
7f30dac73000-7f30dac77000 rw-p 00000000 00:00 0 
7f30dac77000-7f30dac7a000 r-xp 00000000 08:05 7996734                    /lib/x86_64-linux-gnu/libdl-2.19.so
7f30dac7a000-7f30dae79000 ---p 00003000 08:05 7996734                    /lib/x86_64-linux-gnu/libdl-2.19.so
7f30dae79000-7f30dae7a000 r--p 00002000 08:05 7996734                    /lib/x86_64-linux-gnu/libdl-2.19.so
7f30dae7a000-7f30dae7b000 rw-p 00003000 08:05 7996734                    /lib/x86_64-linux-gnu/libdl-2.19.so
7f30dae7b000-7f30db037000 r-xp 00000000 08:05 7996756                    /lib/x86_64-linux-gnu/libc-2.19.so
7f30db037000-7f30db236000 ---p 001bc000 08:05 7996756                    /lib/x86_64-linux-gnu/libc-2.19.so
7f30db236000-7f30db23a000 r--p 001bb000 08:05 7996756                    /lib/x86_64-linux-gnu/libc-2.19.so
7f30db23a000-7f30db23c000 rw-p 001bf000 08:05 7996756                    /lib/x86_64-linux-gnu/libc-2.19.so
7f30db23c000-7f30db241000 rw-p 00000000 00:00 0 
7f30db241000-7f30db24e000 r-xp 00000000 08:05 658611                     /usr/lib/jvm/java-7-openjdk-amd64/jre/lib/amd64/jli/libjli.so
7f30db24e000-7f30db44d000 ---p 0000d000 08:05 658611                     /usr/lib/jvm/java-7-openjdk-amd64/jre/lib/amd64/jli/libjli.so
7f30db44d000-7f30db44e000 r--p 0000c000 08:05 658611                     /usr/lib/jvm/java-7-openjdk-amd64/jre/lib/amd64/jli/libjli.so
7f30db44e000-7f30db44f000 rw-p 0000d000 08:05 658611                     /usr/lib/jvm/java-7-openjdk-amd64/jre/lib/amd64/jli/libjli.so
7f30db44f000-7f30db472000 r-xp 00000000 08:05 7996732                    /lib/x86_64-linux-gnu/ld-2.19.so
7f30db488000-7f30db492000 rw-p 00000000 00:00 0 
7f30db492000-7f30db548000 rw-p 00000000 00:00 0 
7f30db548000-7f30db54b000 ---p 00000000 00:00 0 
7f30db54b000-7f30db64e000 rw-p 00000000 00:00 0                          [stack:30121]
7f30db663000-7f30db665000 rw-p 00000000 00:00 0 
7f30db665000-7f30db66d000 rw-s 00000000 08:05 6294309                    /tmp/hsperfdata_chris/30115
7f30db66d000-7f30db66e000 rw-p 00000000 00:00 0 
7f30db66e000-7f30db66f000 r--p 00000000 00:00 0 
7f30db66f000-7f30db671000 rw-p 00000000 00:00 0 
7f30db671000-7f30db672000 r--p 00022000 08:05 7996732                    /lib/x86_64-linux-gnu/ld-2.19.so
7f30db672000-7f30db673000 rw-p 00023000 08:05 7996732                    /lib/x86_64-linux-gnu/ld-2.19.so
7f30db673000-7f30db674000 rw-p 00000000 00:00 0 
7fffc30dc000-7fffc30fd000 rw-p 00000000 00:00 0                          [stack]
7fffc311a000-7fffc311c000 r-xp 00000000 00:00 0                          [vdso]
ffffffffff600000-ffffffffff601000 r-xp 00000000 00:00 0                  [vsyscall]

VM Arguments:
jvm_args: -Dfile.encoding=UTF-8 -Xbootclasspath:/home/chris/Projects/Android/adt-bundle-linux-x86_64-20140702/sdk/platforms/android-19/android.jar 
java_command: hay.chris.smartunlock.ConditionObject
Launcher Type: SUN_STANDARD

Environment Variables:
PATH=/usr/local/sbin:/usr/local/bin:/usr/sbin:/usr/bin:/sbin:/bin:/usr/games:/usr/local/games
SHELL=/bin/bash
DISPLAY=:0.0

Signal Handlers:
SIGSEGV: [libjvm.so+0x949220], sa_mask[0]=0x7ffbfeff, sa_flags=0x10000004
SIGBUS: [libjvm.so+0x949220], sa_mask[0]=0x7ffbfeff, sa_flags=0x10000004
SIGFPE: [libjvm.so+0x7c2e80], sa_mask[0]=0x7ffbfeff, sa_flags=0x10000004
SIGPIPE: [libjvm.so+0x7c2e80], sa_mask[0]=0x7ffbfeff, sa_flags=0x10000004
SIGXFSZ: [libjvm.so+0x7c2e80], sa_mask[0]=0x7ffbfeff, sa_flags=0x10000004
SIGILL: [libjvm.so+0x7c2e80], sa_mask[0]=0x7ffbfeff, sa_flags=0x10000004
SIGUSR1: SIG_DFL, sa_mask[0]=0x00000000, sa_flags=0x00000000
SIGUSR2: [libjvm.so+0x7c2d20], sa_mask[0]=0x00000004, sa_flags=0x10000004
SIGHUP: SIG_DFL, sa_mask[0]=0x00000000, sa_flags=0x00000000
SIGINT: SIG_DFL, sa_mask[0]=0x00000000, sa_flags=0x00000000
SIGTERM: SIG_DFL, sa_mask[0]=0x00000000, sa_flags=0x00000000
SIGQUIT: SIG_DFL, sa_mask[0]=0x00000000, sa_flags=0x00000000
SIGTRAP: SIG_DFL, sa_mask[0]=0x00000000, sa_flags=0x00000000


---------------  S Y S T E M  ---------------

OS:Ubuntu 14.04 (trusty)
uname:Linux 3.13.0-34-generic #60-Ubuntu SMP Wed Aug 13 15:45:27 UTC 2014 x86_64
libc:glibc 2.19 NPTL 2.19 
rlimit: STACK 8192k, CORE 0k, NPROC 46841, NOFILE 4096, AS infinity
load average:0.75 0.66 0.75

/proc/meminfo:
MemTotal:        6017264 kB
MemFree:          530536 kB
Buffers:           39980 kB
Cached:           910348 kB
SwapCached:       132464 kB
Active:          3642944 kB
Inactive:        1396036 kB
Active(anon):    3379088 kB
Inactive(anon):  1145948 kB
Active(file):     263856 kB
Inactive(file):   250088 kB
Unevictable:         208 kB
Mlocked:             208 kB
SwapTotal:       6195196 kB
SwapFree:        5564676 kB
Dirty:                88 kB
Writeback:             0 kB
AnonPages:       3996604 kB
Mapped:           304068 kB
Shmem:            436364 kB
Slab:             259788 kB
SReclaimable:     210940 kB
SUnreclaim:        48848 kB
KernelStack:        6536 kB
PageTables:        82124 kB
NFS_Unstable:          0 kB
Bounce:                0 kB
WritebackTmp:          0 kB
CommitLimit:     9203828 kB
Committed_AS:   11818500 kB
VmallocTotal:   34359738367 kB
VmallocUsed:      356720 kB
VmallocChunk:   34359369852 kB
HardwareCorrupted:     0 kB
AnonHugePages:   1173504 kB
HugePages_Total:       0
HugePages_Free:        0
HugePages_Rsvd:        0
HugePages_Surp:        0
Hugepagesize:       2048 kB
DirectMap4k:       97860 kB
DirectMap2M:     6098944 kB


CPU:total 4 (2 cores per cpu, 2 threads per core) family 6 model 42 stepping 7, cmov, cx8, fxsr, mmx, sse, sse2, sse3, ssse3, sse4.1, sse4.2, popcnt, avx, ht, tsc, tscinvbit

/proc/cpuinfo:
processor	: 0
vendor_id	: GenuineIntel
cpu family	: 6
model		: 42
model name	: Intel(R) Core(TM) i5-2410M CPU @ 2.30GHz
stepping	: 7
microcode	: 0x14
cpu MHz		: 2301.000
cache size	: 3072 KB
physical id	: 0
siblings	: 4
core id		: 0
cpu cores	: 2
apicid		: 0
initial apicid	: 0
fpu		: yes
fpu_exception	: yes
cpuid level	: 13
wp		: yes
flags		: fpu vme de pse tsc msr pae mce cx8 apic sep mtrr pge mca cmov pat pse36 clflush dts acpi mmx fxsr sse sse2 ss ht tm pbe syscall nx rdtscp lm constant_tsc arch_perfmon pebs bts rep_good nopl xtopology nonstop_tsc aperfmperf eagerfpu pni pclmulqdq dtes64 monitor ds_cpl vmx est tm2 ssse3 cx16 xtpr pdcm pcid sse4_1 sse4_2 x2apic popcnt tsc_deadline_timer xsave avx lahf_lm ida arat epb xsaveopt pln pts dtherm tpr_shadow vnmi flexpriority ept vpid
bogomips	: 4589.57
clflush size	: 64
cache_alignment	: 64
address sizes	: 36 bits physical, 48 bits virtual
power management:

processor	: 1
vendor_id	: GenuineIntel
cpu family	: 6
model		: 42
model name	: Intel(R) Core(TM) i5-2410M CPU @ 2.30GHz
stepping	: 7
microcode	: 0x14
cpu MHz		: 800.000
cache size	: 3072 KB
physical id	: 0
siblings	: 4
core id		: 1
cpu cores	: 2
apicid		: 2
initial apicid	: 2
fpu		: yes
fpu_exception	: yes
cpuid level	: 13
wp		: yes
flags		: fpu vme de pse tsc msr pae mce cx8 apic sep mtrr pge mca cmov pat pse36 clflush dts acpi mmx fxsr sse sse2 ss ht tm pbe syscall nx rdtscp lm constant_tsc arch_perfmon pebs bts rep_good nopl xtopology nonstop_tsc aperfmperf eagerfpu pni pclmulqdq dtes64 monitor ds_cpl vmx est tm2 ssse3 cx16 xtpr pdcm pcid sse4_1 sse4_2 x2apic popcnt tsc_deadline_timer xsave avx lahf_lm ida arat epb xsaveopt pln pts dtherm tpr_shadow vnmi flexpriority ept vpid
bogomips	: 4589.57
clflush size	: 64
cache_alignment	: 64
address sizes	: 36 bits physical, 48 bits virtual
power management:

processor	: 2
vendor_id	: GenuineIntel
cpu family	: 6
model		: 42
model name	: Intel(R) Core(TM) i5-2410M CPU @ 2.30GHz
stepping	: 7
microcode	: 0x14
cpu MHz		: 800.000
cache size	: 3072 KB
physical id	: 0
siblings	: 4
core id		: 0
cpu cores	: 2
apicid		: 1
initial apicid	: 1
fpu		: yes
fpu_exception	: yes
cpuid level	: 13
wp		: yes
flags		: fpu vme de pse tsc msr pae mce cx8 apic sep mtrr pge mca cmov pat pse36 clflush dts acpi mmx fxsr sse sse2 ss ht tm pbe syscall nx rdtscp lm constant_tsc arch_perfmon pebs bts rep_good nopl xtopology nonstop_tsc aperfmperf eagerfpu pni pclmulqdq dtes64 monitor ds_cpl vmx est tm2 ssse3 cx16 xtpr pdcm pcid sse4_1 sse4_2 x2apic popcnt tsc_deadline_timer xsave avx lahf_lm ida arat epb xsaveopt pln pts dtherm tpr_shadow vnmi flexpriority ept vpid
bogomips	: 4589.57
clflush size	: 64
cache_alignment	: 64
address sizes	: 36 bits physical, 48 bits virtual
power management:

processor	: 3
vendor_id	: GenuineIntel
cpu family	: 6
model		: 42
model name	: Intel(R) Core(TM) i5-2410M CPU @ 2.30GHz
stepping	: 7
microcode	: 0x14
cpu MHz		: 2301.000
cache size	: 3072 KB
physical id	: 0
siblings	: 4
core id		: 1
cpu cores	: 2
apicid		: 3
initial apicid	: 3
fpu		: yes
fpu_exception	: yes
cpuid level	: 13
wp		: yes
flags		: fpu vme de pse tsc msr pae mce cx8 apic sep mtrr pge mca cmov pat pse36 clflush dts acpi mmx fxsr sse sse2 ss ht tm pbe syscall nx rdtscp lm constant_tsc arch_perfmon pebs bts rep_good nopl xtopology nonstop_tsc aperfmperf eagerfpu pni pclmulqdq dtes64 monitor ds_cpl vmx est tm2 ssse3 cx16 xtpr pdcm pcid sse4_1 sse4_2 x2apic popcnt tsc_deadline_timer xsave avx lahf_lm ida arat epb xsaveopt pln pts dtherm tpr_shadow vnmi flexpriority ept vpid
bogomips	: 4589.57
clflush size	: 64
cache_alignment	: 64
address sizes	: 36 bits physical, 48 bits virtual
power management:



Memory: 4k page, physical 6017264k(530536k free), swap 6195196k(5564676k free)

vm_info: OpenJDK 64-Bit Server VM (24.65-b04) for linux-amd64 JRE (1.7.0_65-b32), built on Aug  1 2014 21:58:28 by "buildd" with gcc 4.8.2

time: Wed Aug 27 19:34:14 2014
elapsed time: 0 seconds

