#
# A fatal error has been detected by the Java Runtime Environment:
#
#  Internal Error (javaClasses.cpp:139), pid=30625, tid=139699709294336
#  fatal error: Invalid layout of preloaded class
#
# JRE version:  (7.0_65-b32) (build )
# Java VM: OpenJDK 64-Bit Server VM (24.65-b04 mixed mode linux-amd64 compressed oops)
# Failed to write core dump. Core dumps have been disabled. To enable core dumping, try "ulimit -c unlimited" before starting Java again
#
# If you would like to submit a bug report, please include
# instructions on how to reproduce the bug and visit:
#   http://icedtea.classpath.org/bugzilla
#

---------------  T H R E A D  ---------------

Current thread (0x00007f0e5800a000):  JavaThread "Unknown thread" [_thread_in_vm, id=30627, stack(0x00007f0e5f7c3000,0x00007f0e5f8c4000)]

Stack: [0x00007f0e5f7c3000,0x00007f0e5f8c4000],  sp=0x00007f0e5f8c2900,  free space=1022k
Native frames: (J=compiled Java code, j=interpreted, Vv=VM code, C=native code)
V  [libjvm.so+0x948745]  VMError::report_and_die()+0x175
V  [libjvm.so+0x48b874]  report_fatal(char const*, int, char const*)+0x54
V  [libjvm.so+0x5e89b0]  compute_offset(int&, klassOopDesc*, Symbol*, Symbol*, bool) [clone .constprop.121]+0xc0
V  [libjvm.so+0x5e8a86]  java_lang_String::compute_offsets()+0x36
V  [libjvm.so+0x8ce2ac]  SystemDictionary::initialize_preloaded_classes(Thread*)+0xcc
V  [libjvm.so+0x919b98]  Universe::genesis(Thread*)+0x468
V  [libjvm.so+0x91a1a4]  universe2_init()+0x24
V  [libjvm.so+0x59cf6a]  init_globals()+0x9a
V  [libjvm.so+0x8fcf7f]  Threads::create_vm(JavaVMInitArgs*, bool*)+0x35f
V  [libjvm.so+0x608284]  JNI_CreateJavaVM+0x54
C  [libjli.so+0x2b48]


---------------  P R O C E S S  ---------------

Java Threads: ( => current thread )

Other Threads:

=>0x00007f0e5800a000 (exited) JavaThread "Unknown thread" [_thread_in_vm, id=30627, stack(0x00007f0e5f7c3000,0x00007f0e5f8c4000)]

VM state:not at safepoint (not fully initialized)

VM Mutex/Monitor currently owned by a thread: None

GC Heap History (0 events):
No events

Deoptimization events (0 events):
No events

Internal exceptions (0 events):
No events

Events (10 events):
Event: 0.012 loading class 0x00007f0e546856f0 done
Event: 0.012 loading class 0x00007f0e54685110 done
Event: 0.012 loading class 0x00007f0e546850f0
Event: 0.012 loading class 0x00007f0e5468d180
Event: 0.012 loading class 0x00007f0e5468d180 done
Event: 0.012 loading class 0x00007f0e5468d1b0
Event: 0.012 loading class 0x00007f0e5468d1b0 done
Event: 0.012 loading class 0x00007f0e5468d1e0
Event: 0.012 loading class 0x00007f0e5468d1e0 done
Event: 0.012 loading class 0x00007f0e546850f0 done


Dynamic libraries:
00400000-00401000 r-xp 00000000 08:05 658566                             /usr/lib/jvm/java-7-openjdk-amd64/jre/bin/java
00600000-00601000 r--p 00000000 08:05 658566                             /usr/lib/jvm/java-7-openjdk-amd64/jre/bin/java
00601000-00602000 rw-p 00001000 08:05 658566                             /usr/lib/jvm/java-7-openjdk-amd64/jre/bin/java
00fa0000-00fc1000 rw-p 00000000 00:00 0                                  [heap]
99c00000-9b100000 rw-p 00000000 00:00 0 
9b100000-a4200000 rw-p 00000000 00:00 0 
a4200000-a7f00000 rw-p 00000000 00:00 0 
a7f00000-e1600000 rw-p 00000000 00:00 0 
e1600000-e3500000 rw-p 00000000 00:00 0 
e3500000-100000000 rw-p 00000000 00:00 0 
7f0e40000000-7f0e40021000 rw-p 00000000 00:00 0 
7f0e40021000-7f0e44000000 ---p 00000000 00:00 0 
7f0e44000000-7f0e44021000 rw-p 00000000 00:00 0 
7f0e44021000-7f0e48000000 ---p 00000000 00:00 0 
7f0e48000000-7f0e48021000 rw-p 00000000 00:00 0 
7f0e48021000-7f0e4c000000 ---p 00000000 00:00 0 
7f0e4cce0000-7f0e50000000 rw-p 00000000 00:00 0 
7f0e50000000-7f0e50021000 rw-p 00000000 00:00 0 
7f0e50021000-7f0e54000000 ---p 00000000 00:00 0 
7f0e542fe000-7f0e54538000 rw-p 00000000 00:00 0 
7f0e54538000-7f0e5460f000 r--s 013fe000 08:05 3816008                    /home/chris/Projects/Android/adt-bundle-linux-x86_64-20140702/sdk/platforms/android-19/android.jar
7f0e5460f000-7f0e54a12000 rw-p 00000000 00:00 0 
7f0e54a12000-7f0e54a13000 ---p 00000000 00:00 0 
7f0e54a13000-7f0e54b13000 rw-p 00000000 00:00 0                          [stack:30635]
7f0e54b13000-7f0e54b14000 ---p 00000000 00:00 0 
7f0e54b14000-7f0e54c14000 rw-p 00000000 00:00 0                          [stack:30634]
7f0e54c14000-7f0e54c15000 ---p 00000000 00:00 0 
7f0e54c15000-7f0e54d15000 rw-p 00000000 00:00 0                          [stack:30632]
7f0e54d15000-7f0e54d16000 ---p 00000000 00:00 0 
7f0e54d16000-7f0e54e35000 rw-p 00000000 00:00 0                          [stack:30631]
7f0e54e35000-7f0e55000000 rw-p 00000000 00:00 0 
7f0e55000000-7f0e55270000 rwxp 00000000 00:00 0 
7f0e55270000-7f0e58056000 rw-p 00000000 00:00 0 
7f0e58056000-7f0e5c000000 ---p 00000000 00:00 0 
7f0e5c019000-7f0e5c093000 rw-p 00000000 00:00 0 
7f0e5c093000-7f0e5c0db000 rw-p 00000000 00:00 0 
7f0e5c0db000-7f0e5c0e6000 rw-p 00000000 00:00 0 
7f0e5c0e6000-7f0e5c12e000 rw-p 00000000 00:00 0 
7f0e5c12e000-7f0e5c14d000 rw-p 00000000 00:00 0 
7f0e5c14d000-7f0e5c318000 rw-p 00000000 00:00 0 
7f0e5c318000-7f0e5c328000 rw-p 00000000 00:00 0 
7f0e5c328000-7f0e5c40d000 rw-p 00000000 00:00 0 
7f0e5c40d000-7f0e5c40e000 rw-p 00000000 00:00 0 
7f0e5c40e000-7f0e5c416000 r-xp 00000000 08:05 658594                     /usr/lib/jvm/java-7-openjdk-amd64/jre/lib/amd64/libzip.so
7f0e5c416000-7f0e5c615000 ---p 00008000 08:05 658594                     /usr/lib/jvm/java-7-openjdk-amd64/jre/lib/amd64/libzip.so
7f0e5c615000-7f0e5c616000 r--p 00007000 08:05 658594                     /usr/lib/jvm/java-7-openjdk-amd64/jre/lib/amd64/libzip.so
7f0e5c616000-7f0e5c617000 rw-p 00008000 08:05 658594                     /usr/lib/jvm/java-7-openjdk-amd64/jre/lib/amd64/libzip.so
7f0e5c617000-7f0e5c622000 r-xp 00000000 08:05 7996750                    /lib/x86_64-linux-gnu/libnss_files-2.19.so
7f0e5c622000-7f0e5c821000 ---p 0000b000 08:05 7996750                    /lib/x86_64-linux-gnu/libnss_files-2.19.so
7f0e5c821000-7f0e5c822000 r--p 0000a000 08:05 7996750                    /lib/x86_64-linux-gnu/libnss_files-2.19.so
7f0e5c822000-7f0e5c823000 rw-p 0000b000 08:05 7996750                    /lib/x86_64-linux-gnu/libnss_files-2.19.so
7f0e5c823000-7f0e5c82e000 r-xp 00000000 08:05 7996718                    /lib/x86_64-linux-gnu/libnss_nis-2.19.so
7f0e5c82e000-7f0e5ca2d000 ---p 0000b000 08:05 7996718                    /lib/x86_64-linux-gnu/libnss_nis-2.19.so
7f0e5ca2d000-7f0e5ca2e000 r--p 0000a000 08:05 7996718                    /lib/x86_64-linux-gnu/libnss_nis-2.19.so
7f0e5ca2e000-7f0e5ca2f000 rw-p 0000b000 08:05 7996718                    /lib/x86_64-linux-gnu/libnss_nis-2.19.so
7f0e5ca2f000-7f0e5ca46000 r-xp 00000000 08:05 7996754                    /lib/x86_64-linux-gnu/libnsl-2.19.so
7f0e5ca46000-7f0e5cc45000 ---p 00017000 08:05 7996754                    /lib/x86_64-linux-gnu/libnsl-2.19.so
7f0e5cc45000-7f0e5cc46000 r--p 00016000 08:05 7996754                    /lib/x86_64-linux-gnu/libnsl-2.19.so
7f0e5cc46000-7f0e5cc47000 rw-p 00017000 08:05 7996754                    /lib/x86_64-linux-gnu/libnsl-2.19.so
7f0e5cc47000-7f0e5cc49000 rw-p 00000000 00:00 0 
7f0e5cc49000-7f0e5cc52000 r-xp 00000000 08:05 7996740                    /lib/x86_64-linux-gnu/libnss_compat-2.19.so
7f0e5cc52000-7f0e5ce51000 ---p 00009000 08:05 7996740                    /lib/x86_64-linux-gnu/libnss_compat-2.19.so
7f0e5ce51000-7f0e5ce52000 r--p 00008000 08:05 7996740                    /lib/x86_64-linux-gnu/libnss_compat-2.19.so
7f0e5ce52000-7f0e5ce53000 rw-p 00009000 08:05 7996740                    /lib/x86_64-linux-gnu/libnss_compat-2.19.so
7f0e5ce53000-7f0e5ce7e000 r-xp 00000000 08:05 658629                     /usr/lib/jvm/java-7-openjdk-amd64/jre/lib/amd64/libjava.so
7f0e5ce7e000-7f0e5d07e000 ---p 0002b000 08:05 658629                     /usr/lib/jvm/java-7-openjdk-amd64/jre/lib/amd64/libjava.so
7f0e5d07e000-7f0e5d07f000 r--p 0002b000 08:05 658629                     /usr/lib/jvm/java-7-openjdk-amd64/jre/lib/amd64/libjava.so
7f0e5d07f000-7f0e5d081000 rw-p 0002c000 08:05 658629                     /usr/lib/jvm/java-7-openjdk-amd64/jre/lib/amd64/libjava.so
7f0e5d081000-7f0e5d091000 r-xp 00000000 08:05 658603                     /usr/lib/jvm/java-7-openjdk-amd64/jre/lib/amd64/libverify.so
7f0e5d091000-7f0e5d290000 ---p 00010000 08:05 658603                     /usr/lib/jvm/java-7-openjdk-amd64/jre/lib/amd64/libverify.so
7f0e5d290000-7f0e5d292000 r--p 0000f000 08:05 658603                     /usr/lib/jvm/java-7-openjdk-amd64/jre/lib/amd64/libverify.so
7f0e5d292000-7f0e5d293000 rw-p 00011000 08:05 658603                     /usr/lib/jvm/java-7-openjdk-amd64/jre/lib/amd64/libverify.so
7f0e5d293000-7f0e5d29a000 r-xp 00000000 08:05 7996746                    /lib/x86_64-linux-gnu/librt-2.19.so
7f0e5d29a000-7f0e5d499000 ---p 00007000 08:05 7996746                    /lib/x86_64-linux-gnu/librt-2.19.so
7f0e5d499000-7f0e5d49a000 r--p 00006000 08:05 7996746                    /lib/x86_64-linux-gnu/librt-2.19.so
7f0e5d49a000-7f0e5d49b000 rw-p 00007000 08:05 7996746                    /lib/x86_64-linux-gnu/librt-2.19.so
7f0e5d49b000-7f0e5d4b1000 r-xp 00000000 08:05 7996133                    /lib/x86_64-linux-gnu/libgcc_s.so.1
7f0e5d4b1000-7f0e5d6b0000 ---p 00016000 08:05 7996133                    /lib/x86_64-linux-gnu/libgcc_s.so.1
7f0e5d6b0000-7f0e5d6b1000 rw-p 00015000 08:05 7996133                    /lib/x86_64-linux-gnu/libgcc_s.so.1
7f0e5d6b1000-7f0e5d7b6000 r-xp 00000000 08:05 7996748                    /lib/x86_64-linux-gnu/libm-2.19.so
7f0e5d7b6000-7f0e5d9b5000 ---p 00105000 08:05 7996748                    /lib/x86_64-linux-gnu/libm-2.19.so
7f0e5d9b5000-7f0e5d9b6000 r--p 00104000 08:05 7996748                    /lib/x86_64-linux-gnu/libm-2.19.so
7f0e5d9b6000-7f0e5d9b7000 rw-p 00105000 08:05 7996748                    /lib/x86_64-linux-gnu/libm-2.19.so
7f0e5d9b7000-7f0e5da9d000 r-xp 00000000 08:05 11931834                   /usr/lib/x86_64-linux-gnu/libstdc++.so.6.0.19
7f0e5da9d000-7f0e5dc9c000 ---p 000e6000 08:05 11931834                   /usr/lib/x86_64-linux-gnu/libstdc++.so.6.0.19
7f0e5dc9c000-7f0e5dca4000 r--p 000e5000 08:05 11931834                   /usr/lib/x86_64-linux-gnu/libstdc++.so.6.0.19
7f0e5dca4000-7f0e5dca6000 rw-p 000ed000 08:05 11931834                   /usr/lib/x86_64-linux-gnu/libstdc++.so.6.0.19
7f0e5dca6000-7f0e5dcbb000 rw-p 00000000 00:00 0 
7f0e5dcbb000-7f0e5e7d1000 r-xp 00000000 08:05 658596                     /usr/lib/jvm/java-7-openjdk-amd64/jre/lib/amd64/server/libjvm.so
7f0e5e7d1000-7f0e5e9d0000 ---p 00b16000 08:05 658596                     /usr/lib/jvm/java-7-openjdk-amd64/jre/lib/amd64/server/libjvm.so
7f0e5e9d0000-7f0e5ea6a000 r--p 00b15000 08:05 658596                     /usr/lib/jvm/java-7-openjdk-amd64/jre/lib/amd64/server/libjvm.so
7f0e5ea6a000-7f0e5ea8d000 rw-p 00baf000 08:05 658596                     /usr/lib/jvm/java-7-openjdk-amd64/jre/lib/amd64/server/libjvm.so
7f0e5ea8d000-7f0e5eabb000 rw-p 00000000 00:00 0 
7f0e5eabb000-7f0e5ead3000 r-xp 00000000 08:05 7999434                    /lib/x86_64-linux-gnu/libz.so.1.2.8
7f0e5ead3000-7f0e5ecd2000 ---p 00018000 08:05 7999434                    /lib/x86_64-linux-gnu/libz.so.1.2.8
7f0e5ecd2000-7f0e5ecd3000 r--p 00017000 08:05 7999434                    /lib/x86_64-linux-gnu/libz.so.1.2.8
7f0e5ecd3000-7f0e5ecd4000 rw-p 00018000 08:05 7999434                    /lib/x86_64-linux-gnu/libz.so.1.2.8
7f0e5ecd4000-7f0e5eced000 r-xp 00000000 08:05 7996758                    /lib/x86_64-linux-gnu/libpthread-2.19.so
7f0e5eced000-7f0e5eeec000 ---p 00019000 08:05 7996758                    /lib/x86_64-linux-gnu/libpthread-2.19.so
7f0e5eeec000-7f0e5eeed000 r--p 00018000 08:05 7996758                    /lib/x86_64-linux-gnu/libpthread-2.19.so
7f0e5eeed000-7f0e5eeee000 rw-p 00019000 08:05 7996758                    /lib/x86_64-linux-gnu/libpthread-2.19.so
7f0e5eeee000-7f0e5eef2000 rw-p 00000000 00:00 0 
7f0e5eef2000-7f0e5eef5000 r-xp 00000000 08:05 7996734                    /lib/x86_64-linux-gnu/libdl-2.19.so
7f0e5eef5000-7f0e5f0f4000 ---p 00003000 08:05 7996734                    /lib/x86_64-linux-gnu/libdl-2.19.so
7f0e5f0f4000-7f0e5f0f5000 r--p 00002000 08:05 7996734                    /lib/x86_64-linux-gnu/libdl-2.19.so
7f0e5f0f5000-7f0e5f0f6000 rw-p 00003000 08:05 7996734                    /lib/x86_64-linux-gnu/libdl-2.19.so
7f0e5f0f6000-7f0e5f2b2000 r-xp 00000000 08:05 7996756                    /lib/x86_64-linux-gnu/libc-2.19.so
7f0e5f2b2000-7f0e5f4b1000 ---p 001bc000 08:05 7996756                    /lib/x86_64-linux-gnu/libc-2.19.so
7f0e5f4b1000-7f0e5f4b5000 r--p 001bb000 08:05 7996756                    /lib/x86_64-linux-gnu/libc-2.19.so
7f0e5f4b5000-7f0e5f4b7000 rw-p 001bf000 08:05 7996756                    /lib/x86_64-linux-gnu/libc-2.19.so
7f0e5f4b7000-7f0e5f4bc000 rw-p 00000000 00:00 0 
7f0e5f4bc000-7f0e5f4c9000 r-xp 00000000 08:05 658611                     /usr/lib/jvm/java-7-openjdk-amd64/jre/lib/amd64/jli/libjli.so
7f0e5f4c9000-7f0e5f6c8000 ---p 0000d000 08:05 658611                     /usr/lib/jvm/java-7-openjdk-amd64/jre/lib/amd64/jli/libjli.so
7f0e5f6c8000-7f0e5f6c9000 r--p 0000c000 08:05 658611                     /usr/lib/jvm/java-7-openjdk-amd64/jre/lib/amd64/jli/libjli.so
7f0e5f6c9000-7f0e5f6ca000 rw-p 0000d000 08:05 658611                     /usr/lib/jvm/java-7-openjdk-amd64/jre/lib/amd64/jli/libjli.so
7f0e5f6ca000-7f0e5f6ed000 r-xp 00000000 08:05 7996732                    /lib/x86_64-linux-gnu/ld-2.19.so
7f0e5f703000-7f0e5f70d000 rw-p 00000000 00:00 0 
7f0e5f70d000-7f0e5f7c3000 rw-p 00000000 00:00 0 
7f0e5f7c3000-7f0e5f7c6000 ---p 00000000 00:00 0 
7f0e5f7c6000-7f0e5f8c9000 rw-p 00000000 00:00 0                          [stack:30627]
7f0e5f8de000-7f0e5f8e0000 rw-p 00000000 00:00 0 
7f0e5f8e0000-7f0e5f8e8000 rw-s 00000000 08:05 6294269                    /tmp/hsperfdata_chris/30625
7f0e5f8e8000-7f0e5f8e9000 rw-p 00000000 00:00 0 
7f0e5f8e9000-7f0e5f8ea000 r--p 00000000 00:00 0 
7f0e5f8ea000-7f0e5f8ec000 rw-p 00000000 00:00 0 
7f0e5f8ec000-7f0e5f8ed000 r--p 00022000 08:05 7996732                    /lib/x86_64-linux-gnu/ld-2.19.so
7f0e5f8ed000-7f0e5f8ee000 rw-p 00023000 08:05 7996732                    /lib/x86_64-linux-gnu/ld-2.19.so
7f0e5f8ee000-7f0e5f8ef000 rw-p 00000000 00:00 0 
7fffdb986000-7fffdb9a7000 rw-p 00000000 00:00 0                          [stack]
7fffdb9fe000-7fffdba00000 r-xp 00000000 00:00 0                          [vdso]
ffffffffff600000-ffffffffff601000 r-xp 00000000 00:00 0                  [vsyscall]

VM Arguments:
jvm_args: -Dfile.encoding=UTF-8 -Xbootclasspath:/home/chris/Projects/Android/adt-bundle-linux-x86_64-20140702/sdk/platforms/android-19/android.jar 
java_command: hay.chris.smartunlock.ConditionObject
Launcher Type: SUN_STANDARD

Environment Variables:
PATH=/usr/local/sbin:/usr/local/bin:/usr/sbin:/usr/bin:/sbin:/bin:/usr/games:/usr/local/games
SHELL=/bin/bash
DISPLAY=:0.0

Signal Handlers:
SIGSEGV: [libjvm.so+0x949220], sa_mask[0]=0x7ffbfeff, sa_flags=0x10000004
SIGBUS: [libjvm.so+0x949220], sa_mask[0]=0x7ffbfeff, sa_flags=0x10000004
SIGFPE: [libjvm.so+0x7c2e80], sa_mask[0]=0x7ffbfeff, sa_flags=0x10000004
SIGPIPE: [libjvm.so+0x7c2e80], sa_mask[0]=0x7ffbfeff, sa_flags=0x10000004
SIGXFSZ: [libjvm.so+0x7c2e80], sa_mask[0]=0x7ffbfeff, sa_flags=0x10000004
SIGILL: [libjvm.so+0x7c2e80], sa_mask[0]=0x7ffbfeff, sa_flags=0x10000004
SIGUSR1: SIG_DFL, sa_mask[0]=0x00000000, sa_flags=0x00000000
SIGUSR2: [libjvm.so+0x7c2d20], sa_mask[0]=0x00000004, sa_flags=0x10000004
SIGHUP: SIG_DFL, sa_mask[0]=0x00000000, sa_flags=0x00000000
SIGINT: SIG_DFL, sa_mask[0]=0x00000000, sa_flags=0x00000000
SIGTERM: SIG_DFL, sa_mask[0]=0x00000000, sa_flags=0x00000000
SIGQUIT: SIG_DFL, sa_mask[0]=0x00000000, sa_flags=0x00000000
SIGTRAP: SIG_DFL, sa_mask[0]=0x00000000, sa_flags=0x00000000


---------------  S Y S T E M  ---------------

OS:Ubuntu 14.04 (trusty)
uname:Linux 3.13.0-34-generic #60-Ubuntu SMP Wed Aug 13 15:45:27 UTC 2014 x86_64
libc:glibc 2.19 NPTL 2.19 
rlimit: STACK 8192k, CORE 0k, NPROC 46841, NOFILE 4096, AS infinity
load average:0.68 0.95 0.98

/proc/meminfo:
MemTotal:        6017264 kB
MemFree:          717732 kB
Buffers:           56752 kB
Cached:           968236 kB
SwapCached:       130372 kB
Active:          3746568 kB
Inactive:        1104828 kB
Active(anon):    3335040 kB
Inactive(anon):   868448 kB
Active(file):     411528 kB
Inactive(file):   236380 kB
Unevictable:         208 kB
Mlocked:             208 kB
SwapTotal:       6195196 kB
SwapFree:        5597156 kB
Dirty:               308 kB
Writeback:             0 kB
AnonPages:       3735888 kB
Mapped:           295012 kB
Shmem:            377076 kB
Slab:             260712 kB
SReclaimable:     211932 kB
SUnreclaim:        48780 kB
KernelStack:        6384 kB
PageTables:        80940 kB
NFS_Unstable:          0 kB
Bounce:                0 kB
WritebackTmp:          0 kB
CommitLimit:     9203828 kB
Committed_AS:   11725084 kB
VmallocTotal:   34359738367 kB
VmallocUsed:      356720 kB
VmallocChunk:   34359369852 kB
HardwareCorrupted:     0 kB
AnonHugePages:   1165312 kB
HugePages_Total:       0
HugePages_Free:        0
HugePages_Rsvd:        0
HugePages_Surp:        0
Hugepagesize:       2048 kB
DirectMap4k:       97860 kB
DirectMap2M:     6098944 kB


CPU:total 4 (2 cores per cpu, 2 threads per core) family 6 model 42 stepping 7, cmov, cx8, fxsr, mmx, sse, sse2, sse3, ssse3, sse4.1, sse4.2, popcnt, avx, ht, tsc, tscinvbit

/proc/cpuinfo:
processor	: 0
vendor_id	: GenuineIntel
cpu family	: 6
model		: 42
model name	: Intel(R) Core(TM) i5-2410M CPU @ 2.30GHz
stepping	: 7
microcode	: 0x14
cpu MHz		: 1000.000
cache size	: 3072 KB
physical id	: 0
siblings	: 4
core id		: 0
cpu cores	: 2
apicid		: 0
initial apicid	: 0
fpu		: yes
fpu_exception	: yes
cpuid level	: 13
wp		: yes
flags		: fpu vme de pse tsc msr pae mce cx8 apic sep mtrr pge mca cmov pat pse36 clflush dts acpi mmx fxsr sse sse2 ss ht tm pbe syscall nx rdtscp lm constant_tsc arch_perfmon pebs bts rep_good nopl xtopology nonstop_tsc aperfmperf eagerfpu pni pclmulqdq dtes64 monitor ds_cpl vmx est tm2 ssse3 cx16 xtpr pdcm pcid sse4_1 sse4_2 x2apic popcnt tsc_deadline_timer xsave avx lahf_lm ida arat epb xsaveopt pln pts dtherm tpr_shadow vnmi flexpriority ept vpid
bogomips	: 4589.57
clflush size	: 64
cache_alignment	: 64
address sizes	: 36 bits physical, 48 bits virtual
power management:

processor	: 1
vendor_id	: GenuineIntel
cpu family	: 6
model		: 42
model name	: Intel(R) Core(TM) i5-2410M CPU @ 2.30GHz
stepping	: 7
microcode	: 0x14
cpu MHz		: 800.000
cache size	: 3072 KB
physical id	: 0
siblings	: 4
core id		: 1
cpu cores	: 2
apicid		: 2
initial apicid	: 2
fpu		: yes
fpu_exception	: yes
cpuid level	: 13
wp		: yes
flags		: fpu vme de pse tsc msr pae mce cx8 apic sep mtrr pge mca cmov pat pse36 clflush dts acpi mmx fxsr sse sse2 ss ht tm pbe syscall nx rdtscp lm constant_tsc arch_perfmon pebs bts rep_good nopl xtopology nonstop_tsc aperfmperf eagerfpu pni pclmulqdq dtes64 monitor ds_cpl vmx est tm2 ssse3 cx16 xtpr pdcm pcid sse4_1 sse4_2 x2apic popcnt tsc_deadline_timer xsave avx lahf_lm ida arat epb xsaveopt pln pts dtherm tpr_shadow vnmi flexpriority ept vpid
bogomips	: 4589.57
clflush size	: 64
cache_alignment	: 64
address sizes	: 36 bits physical, 48 bits virtual
power management:

processor	: 2
vendor_id	: GenuineIntel
cpu family	: 6
model		: 42
model name	: Intel(R) Core(TM) i5-2410M CPU @ 2.30GHz
stepping	: 7
microcode	: 0x14
cpu MHz		: 2301.000
cache size	: 3072 KB
physical id	: 0
siblings	: 4
core id		: 0
cpu cores	: 2
apicid		: 1
initial apicid	: 1
fpu		: yes
fpu_exception	: yes
cpuid level	: 13
wp		: yes
flags		: fpu vme de pse tsc msr pae mce cx8 apic sep mtrr pge mca cmov pat pse36 clflush dts acpi mmx fxsr sse sse2 ss ht tm pbe syscall nx rdtscp lm constant_tsc arch_perfmon pebs bts rep_good nopl xtopology nonstop_tsc aperfmperf eagerfpu pni pclmulqdq dtes64 monitor ds_cpl vmx est tm2 ssse3 cx16 xtpr pdcm pcid sse4_1 sse4_2 x2apic popcnt tsc_deadline_timer xsave avx lahf_lm ida arat epb xsaveopt pln pts dtherm tpr_shadow vnmi flexpriority ept vpid
bogomips	: 4589.57
clflush size	: 64
cache_alignment	: 64
address sizes	: 36 bits physical, 48 bits virtual
power management:

processor	: 3
vendor_id	: GenuineIntel
cpu family	: 6
model		: 42
model name	: Intel(R) Core(TM) i5-2410M CPU @ 2.30GHz
stepping	: 7
microcode	: 0x14
cpu MHz		: 2301.000
cache size	: 3072 KB
physical id	: 0
siblings	: 4
core id		: 1
cpu cores	: 2
apicid		: 3
initial apicid	: 3
fpu		: yes
fpu_exception	: yes
cpuid level	: 13
wp		: yes
flags		: fpu vme de pse tsc msr pae mce cx8 apic sep mtrr pge mca cmov pat pse36 clflush dts acpi mmx fxsr sse sse2 ss ht tm pbe syscall nx rdtscp lm constant_tsc arch_perfmon pebs bts rep_good nopl xtopology nonstop_tsc aperfmperf eagerfpu pni pclmulqdq dtes64 monitor ds_cpl vmx est tm2 ssse3 cx16 xtpr pdcm pcid sse4_1 sse4_2 x2apic popcnt tsc_deadline_timer xsave avx lahf_lm ida arat epb xsaveopt pln pts dtherm tpr_shadow vnmi flexpriority ept vpid
bogomips	: 4589.57
clflush size	: 64
cache_alignment	: 64
address sizes	: 36 bits physical, 48 bits virtual
power management:



Memory: 4k page, physical 6017264k(717732k free), swap 6195196k(5597156k free)

vm_info: OpenJDK 64-Bit Server VM (24.65-b04) for linux-amd64 JRE (1.7.0_65-b32), built on Aug  1 2014 21:58:28 by "buildd" with gcc 4.8.2

time: Wed Aug 27 19:51:17 2014
elapsed time: 0 seconds

